#
# A fatal error has been detected by the Java Runtime Environment:
#
#  SIGSEGV (0xb) at pc=0x00007fff8c3230dd, pid=24302, tid=1811
#
# JRE version: Java(TM) SE Runtime Environment (8.0_25-b17) (build 1.8.0_25-b17)
# Java VM: Java HotSpot(TM) 64-Bit Server VM (25.25-b02 mixed mode bsd-amd64 compressed oops)
# Problematic frame:
# C  [libobjc.A.dylib+0x10dd]  objc_msgSend+0x1d
#
# Failed to write core dump. Core dumps have been disabled. To enable core dumping, try "ulimit -c unlimited" before starting Java again
#
# If you would like to submit a bug report, please visit:
#   http://bugreport.sun.com/bugreport/crash.jsp
# The crash happened outside the Java Virtual Machine in native code.
# See problematic frame for where to report the bug.
#

---------------  T H R E A D  ---------------

Current thread (0x00007fd0bd86c000):  JavaThread "AppKit Thread" daemon [_thread_in_native, id=1811, stack(0x00007fff5e882000,0x00007fff5f082000)]

siginfo: si_signo: 11 (SIGSEGV), si_code: 1 (SEGV_MAPERR), si_addr: 0x0000000000000018

Registers:
RAX=0x0000000000000000, RBX=0x00007fd0c27c7270, RCX=0x00007fd0bb7868a0, RDX=0x0000000000000000
RSP=0x00007fff5f07b448, RBP=0x00007fff5f07b6f0, RSI=0x00007fff9514da16, RDI=0x00007fd0c43791d0
R8 =0x0000000000000000, R9 =0x00007fd0c2100000, R10=0x00007fff9514da16, R11=0x0000000000000000
R12=0x00007fd0bb5eca50, R13=0x00007fff8c3230c0, R14=0x0000000000000000, R15=0x00007fff5f07bb58
RIP=0x00007fff8c3230dd, EFLAGS=0x0000000000010246, ERR=0x0000000000000004
  TRAPNO=0x000000000000000e

Top of Stack: (sp=0x00007fff5f07b448)
0x00007fff5f07b448:   00007fff9778db58 0000000000000000
0x00007fff5f07b458:   4094600000000000 40a1880000000000
0x00007fff5f07b468:   4046000000000000 0000000000000000
0x00007fff5f07b478:   40a1880000000000 00007fd0bb5eca50
0x00007fff5f07b488:   0000000100b98000 00007fff5f07b530
0x00007fff5f07b498:   40a1880000000000 0000000000000b86
0x00007fff5f07b4a8:   00007fd0c43791d0 0000000000000000
0x00007fff5f07b4b8:   0000000000000000 0000000000000000
0x00007fff5f07b4c8:   0000000000000000 0000000000000000
0x00007fff5f07b4d8:   4094600000000000 0000000000000000
0x00007fff5f07b4e8:   4094600000000000 00007fd0c4429c40
0x00007fff5f07b4f8:   00007fff5f07bb58 40a1880000000000
0x00007fff5f07b508:   4046000000000000 0000000100b9ba00
0x00007fff5f07b518:   00007fd0bc830eb0 0000000000000000
0x00007fff5f07b528:   4094600000000000 40a1880000000000
0x00007fff5f07b538:   4046000000000000 0000000000000000
0x00007fff5f07b548:   00007fff7b0b9850 0000000000000003
0x00007fff5f07b558:   00007fff7b0b9d70 0000000000000000
0x00007fff5f07b568:   4094600000000000 40a1880000000000
0x00007fff5f07b578:   0000000000000000 0000000000000000
0x00007fff5f07b588:   4094600000000000 40a1880000000000
0x00007fff5f07b598:   4046000000000000 0000000000000000
0x00007fff5f07b5a8:   4094600000000000 40a1880000000000
0x00007fff5f07b5b8:   4046000000000000 00007fff5f07b600
0x00007fff5f07b5c8:   00007fff93949dd2 0000000100b9ba00
0x00007fff5f07b5d8:   0000000000000002 0000000100b98000
0x00007fff5f07b5e8:   00007fd0c25a5a02 0000000000000001
0x00007fff5f07b5f8:   0000000100b9f600 0000000000000000
0x00007fff5f07b608:   4094600000000000 40a1880000000000
0x00007fff5f07b618:   4046000000000000 0000000000000007
0x00007fff5f07b628:   00007fff8b2f48aa 0000000100b9ba00
0x00007fff5f07b638:   00007fd0c4443a01 00007fff7925fed0 

Instructions: (pc=0x00007fff8c3230dd)
0x00007fff8c3230bd:   00 00 00 48 85 ff 2e 74 7a 40 f6 c7 01 2e 75 7e
0x00007fff8c3230cd:   49 bb f8 ff ff ff ff 7f 00 00 4c 23 1f 49 89 f2
0x00007fff8c3230dd:   45 23 53 18 49 c1 e2 04 4d 03 53 10 49 3b 32 75
0x00007fff8c3230ed:   04 41 ff 62 08 49 83 3a 00 74 6a 4d 3b 53 10 74 

Register to memory mapping:

RAX=0x0000000000000000 is an unknown value
RBX=0x00007fd0c27c7270 is an unknown value
RCX=0x00007fd0bb7868a0 is an unknown value
RDX=0x0000000000000000 is an unknown value
RSP=0x00007fff5f07b448 is pointing into the stack for thread: 0x00007fd0bd86c000
RBP=0x00007fff5f07b6f0 is pointing into the stack for thread: 0x00007fd0bd86c000
RSI=0x00007fff9514da16: -[NSTitlebarContainerView transparent]+0xa690a in /System/Library/Frameworks/AppKit.framework/Versions/C/AppKit at 0x00007fff94704000
RDI=0x00007fd0c43791d0 is an unknown value
R8 =0x0000000000000000 is an unknown value
R9 =0x00007fd0c2100000 is an unknown value
R10=0x00007fff9514da16: -[NSTitlebarContainerView transparent]+0xa690a in /System/Library/Frameworks/AppKit.framework/Versions/C/AppKit at 0x00007fff94704000
R11=0x0000000000000000 is an unknown value
R12=0x00007fd0bb5eca50 is an unknown value
R13=0x00007fff8c3230c0: objc_msgSend+0 in /usr/lib/libobjc.A.dylib at 0x00007fff8c322000
R14=0x0000000000000000 is an unknown value
R15=0x00007fff5f07bb58 is pointing into the stack for thread: 0x00007fd0bd86c000


Stack: [0x00007fff5e882000,0x00007fff5f082000],  sp=0x00007fff5f07b448,  free space=8165k
Native frames: (J=compiled Java code, j=interpreted, Vv=VM code, C=native code)
C  [libobjc.A.dylib+0x10dd]  objc_msgSend+0x1d
C  [CoreUI+0x36167]  _ZN20CUICoreThemeRenderer4DrawEPK13CUIDescriptor17CGAffineTransformR13CUIReturnInfo+0x453
C  [CoreUI+0x9391]  _ZN11CUIRenderer4DrawE6CGRectP9CGContextPK14__CFDictionaryPS5_+0x8e3
C  [CoreUI+0x45d6e]  CUIDraw+0xd9
C  [AppKit+0xa0ada]  __44-[NSAppearance _drawInRect:context:options:]_block_invoke+0x40
C  [AppKit+0xef6b]  -[NSCompositeAppearance _callCoreUIWithBlock:]+0xb7
C  [AppKit+0xa0a93]  -[NSAppearance _drawInRect:context:options:]+0x7f
C  [AppKit+0xe7cce]  _NSDrawThemeBackground+0x5a7
C  [AppKit+0xe752c]  -[NSThemeFrame _drawUnifiedToolbarWithState:inFrame:]+0xd3
C  [AppKit+0xe730f]  -[NSThemeFrame _drawUnifiedToolbar:]+0x80
C  [AppKit+0xe7167]  -[NSThemeFrame _drawTitleBar:]+0xb6
C  [AppKit+0xe7054]  -[NSThemeFrame drawFrame:]+0x3be
C  [AppKit+0xe6b36]  -[NSFrameView drawRect:]+0x44b
C  [AppKit+0xe66c6]  -[NSThemeFrame drawRect:]+0x118
C  [AppKit+0xe56ea]  -[NSView _drawRect:clip:]+0x10ef
C  [AppKit+0xe2483]  -[NSView _recursiveDisplayRectIfNeededIgnoringOpacity:isVisibleRect:rectIsVisibleRectForView:topView:]+0xc7e
C  [AppKit+0xe12f3]  -[NSThemeFrame _recursiveDisplayRectIfNeededIgnoringOpacity:isVisibleRect:rectIsVisibleRectForView:topView:]+0x14d
C  [AppKit+0xdd68b]  -[NSView _displayRectIgnoringOpacity:isVisibleRect:rectIsVisibleRectForView:]+0xac9
C  [AppKit+0x951ae]  -[NSView displayIfNeeded]+0x754
C  [AppKit+0x94a09]  -[NSWindow displayIfNeeded]+0xec
C  [AppKit+0x94672]  _handleWindowNeedsDisplayOrLayoutOrUpdateConstraints+0x3a8
C  [AppKit+0x7ca171]  __83-[NSWindow _postWindowNeedsDisplayOrLayoutOrUpdateConstraintsUnlessPostingDisabled]_block_invoke1540+0x2e
C  [CoreFoundation+0x80127]  __CFRUNLOOP_IS_CALLING_OUT_TO_AN_OBSERVER_CALLBACK_FUNCTION__+0x17
C  [CoreFoundation+0x80080]  __CFRunLoopDoObservers+0x170
C  [CoreFoundation+0x72188]  __CFRunLoopRun+0x368
C  [CoreFoundation+0x71bd8]  CFRunLoopRunSpecific+0x128
C  [HIToolbox+0x3256f]  RunCurrentEventLoopInMode+0xeb
C  [HIToolbox+0x321ee]  ReceiveNextEventCommon+0xb3
C  [HIToolbox+0x3212b]  _BlockUntilNextEventMatchingListInModeWithFilter+0x47
C  [AppKit+0x918ab]  _DPSNextEvent+0x3d2
C  [AppKit+0x90e58]  -[NSApplication nextEventMatchingMask:untilDate:inMode:dequeue:]+0x15a
C  [libosxapp.dylib+0x242a]  -[NSApplicationAWT nextEventMatchingMask:untilDate:inMode:dequeue:]+0x7c
C  [AppKit+0x86af3]  -[NSApplication run]+0x252
C  [libosxapp.dylib+0x223e]  +[NSApplicationAWT runAWTLoopWithApp:]+0x9c
C  [libawt_lwawt.dylib+0x4494f]  -[AWTStarter starter:]+0x389
C  [Foundation+0x92dd0]  __NSThreadPerformPerform+0x125
C  [CoreFoundation+0x80a01]  __CFRUNLOOP_IS_CALLING_OUT_TO_A_SOURCE0_PERFORM_FUNCTION__+0x11
C  [CoreFoundation+0x72b8d]  __CFRunLoopDoSources0+0x10d
C  [CoreFoundation+0x721bf]  __CFRunLoopRun+0x39f
C  [CoreFoundation+0x71bd8]  CFRunLoopRunSpecific+0x128
C  [java+0x56cc]  CreateExecutionEnvironment+0x367
C  [java+0x165c]  JLI_Launch+0x7a0
C  [java+0x768a]  main+0x65
C  [java+0xeb4]  start+0x34
C  0x0000000000000006


---------------  P R O C E S S  ---------------

Java Threads: ( => current thread )
  0x00007fd0c6146000 JavaThread "SwingWorker-pool-1-thread-10" daemon [_thread_blocked, id=83171, stack(0x00000001368b5000,0x00000001369b5000)]
  0x00007fd0c6277800 JavaThread "SwingWorker-pool-1-thread-9" daemon [_thread_blocked, id=76823, stack(0x0000000173163000,0x0000000173263000)]
  0x00007fd0c6d45800 JavaThread "SwingWorker-pool-1-thread-8" daemon [_thread_blocked, id=81107, stack(0x000000014f35c000,0x000000014f45c000)]
  0x00007fd0bb841800 JavaThread "SwingWorker-pool-1-thread-7" daemon [_thread_blocked, id=76479, stack(0x000000016e766000,0x000000016e866000)]
  0x00007fd0bd8ec800 JavaThread "SwingWorker-pool-1-thread-6" daemon [_thread_blocked, id=79951, stack(0x000000016bfae000,0x000000016c0ae000)]
  0x00007fd0c67e6800 JavaThread "SwingWorker-pool-1-thread-5" daemon [_thread_blocked, id=80143, stack(0x0000000165ca8000,0x0000000165da8000)]
  0x00007fd0bf14b800 JavaThread "SwingWorker-pool-1-thread-4" daemon [_thread_blocked, id=81259, stack(0x0000000145618000,0x0000000145718000)]
  0x00007fd0c6880800 JavaThread "SwingWorker-pool-1-thread-3" daemon [_thread_blocked, id=84555, stack(0x000000015f8a1000,0x000000015f9a1000)]
  0x00007fd0bd899000 JavaThread "SwingWorker-pool-1-thread-2" daemon [_thread_blocked, id=79019, stack(0x000000015f79e000,0x000000015f89e000)]
  0x00007fd0bc161000 JavaThread "SwingWorker-pool-1-thread-1" daemon [_thread_blocked, id=78595, stack(0x000000015e42c000,0x000000015e52c000)]
  0x00007fd0bc2d0800 JavaThread "Java Sound Event Dispatcher" daemon [_thread_blocked, id=74243, stack(0x0000000137a59000,0x0000000137b59000)]
  0x00007fd0bf149000 JavaThread "H2 Log Writer ROBIN" daemon [_thread_blocked, id=62227, stack(0x00000001339a1000,0x0000000133aa1000)]
  0x00007fd0be01b000 JavaThread "H2 File Lock Watchdog /Users/Rob/Dropbox/RobinProject/Robin.luscdb/Robin.lock.db" daemon [_thread_blocked, id=61939, stack(0x0000000133591000,0x0000000133691000)]
  0x00007fd0bd9a2800 JavaThread "TimerQueue" daemon [_thread_blocked, id=39183, stack(0x0000000128318000,0x0000000128418000)]
  0x00007fd0bd94f000 JavaThread "Java2D Disposer" daemon [_thread_blocked, id=57091, stack(0x0000000127402000,0x0000000127502000)]
  0x00007fd0bc125000 JavaThread "Java2D Queue Flusher" daemon [_thread_in_native, id=54023, stack(0x0000000125f5a000,0x000000012605a000)]
  0x00007fd0bd1ed800 JavaThread "DestroyJavaVM" [_thread_blocked, id=4867, stack(0x0000000100c94000,0x0000000100d94000)]
  0x00007fd0bd864000 JavaThread "AWT-EventQueue-0" [_thread_blocked, id=52491, stack(0x0000000125e57000,0x0000000125f57000)]
  0x00007fd0bc062000 JavaThread "AWT-Shutdown" [_thread_blocked, id=30227, stack(0x0000000122252000,0x0000000122352000)]
=>0x00007fd0bd86c000 JavaThread "AppKit Thread" daemon [_thread_in_native, id=1811, stack(0x00007fff5e882000,0x00007fff5f082000)]
  0x00007fd0bd072800 JavaThread "Service Thread" daemon [_thread_blocked, id=20739, stack(0x000000012039b000,0x000000012049b000)]
  0x00007fd0bd051800 JavaThread "C1 CompilerThread3" daemon [_thread_blocked, id=20227, stack(0x0000000120298000,0x0000000120398000)]
  0x00007fd0bd051000 JavaThread "C2 CompilerThread2" daemon [_thread_blocked, id=19715, stack(0x0000000120195000,0x0000000120295000)]
  0x00007fd0bd04f000 JavaThread "C2 CompilerThread1" daemon [_thread_blocked, id=19203, stack(0x0000000120092000,0x0000000120192000)]
  0x00007fd0bc00b800 JavaThread "C2 CompilerThread0" daemon [_thread_blocked, id=18691, stack(0x000000011ff8f000,0x000000012008f000)]
  0x00007fd0bc001000 JavaThread "Signal Dispatcher" daemon [_thread_blocked, id=14611, stack(0x000000011fe8c000,0x000000011ff8c000)]
  0x00007fd0bb81a800 JavaThread "Finalizer" daemon [_thread_blocked, id=13571, stack(0x000000011e46c000,0x000000011e56c000)]
  0x00007fd0bb819800 JavaThread "Reference Handler" daemon [_thread_blocked, id=13059, stack(0x000000011e369000,0x000000011e469000)]

Other Threads:
  0x00007fd0bd04c800 VMThread [stack: 0x000000011e266000,0x000000011e366000] [id=12547]
  0x00007fd0bd073000 WatcherThread [stack: 0x000000012049e000,0x000000012059e000] [id=21251]

VM state:not at safepoint (normal execution)

VM Mutex/Monitor currently owned by a thread: None

Heap:
 PSYoungGen      total 216064K, used 82156K [0x000000076cb00000, 0x0000000781500000, 0x00000007c0000000)
  eden space 209920K, 39% used [0x000000076cb00000,0x0000000771b3b388,0x0000000779800000)
  from space 6144K, 0% used [0x000000077a000000,0x000000077a000000,0x000000077a600000)
  to   space 64000K, 0% used [0x000000077d680000,0x000000077d680000,0x0000000781500000)
 ParOldGen       total 334336K, used 175564K [0x00000006c6000000, 0x00000006da680000, 0x000000076cb00000)
  object space 334336K, 52% used [0x00000006c6000000,0x00000006d0b73218,0x00000006da680000)
 Metaspace       used 26614K, capacity 26924K, committed 27264K, reserved 1073152K
  class space    used 2832K, capacity 2892K, committed 2944K, reserved 1048576K

Card table byte_map: [0x00000001120dc000,0x00000001128ad000] byte_map_base: 0x000000010eaac000

Marking Bits: (ParMarkBitMap*) 0x000000010269d390
 Begin Bits: [0x00000001135fb000, 0x000000011747b000)
 End Bits:   [0x000000011747b000, 0x000000011b2fb000)

Polling page: 0x0000000100dd8000

CodeCache: size=245760Kb used=24910Kb max_used=24978Kb free=220849Kb
 bounds [0x0000000102d1c000, 0x00000001045ac000, 0x0000000111d1c000]
 total_blobs=7594 nmethods=6208 adapters=1297
 compilation: enabled

Compilation events (10 events):
Event: 2167.219 Thread 0x00007fd0bd04f000 7913 %     4       lusc.net.github.ui.SpectrogramSideBar::drawSongs @ 320 (443 bytes)
Event: 2167.242 Thread 0x00007fd0bd04f000 nmethod 7913% 0x0000000104418750 code [0x0000000104418a60, 0x0000000104419f40]
Event: 2170.985 Thread 0x00007fd0bc00b800 7914       4       lusc.net.github.ui.SpectrogramSideBar::drawSongs (443 bytes)
Event: 2171.018 Thread 0x00007fd0bc00b800 nmethod 7914 0x0000000103059450 code [0x0000000103059840, 0x000000010305b388]
Event: 2176.721 Thread 0x00007fd0bd051800 7915       3       com.apple.laf.AquaScrollBarUI::getTrackBounds (24 bytes)
Event: 2176.722 Thread 0x00007fd0bd051800 nmethod 7915 0x0000000103262c90 code [0x0000000103262e20, 0x0000000103263350]
Event: 2181.929 Thread 0x00007fd0bd051800 7916       3       sun.lwawt.LWWindowPeer::updateSecurityWarningVisibility (90 bytes)
Event: 2181.930 Thread 0x00007fd0bd051800 nmethod 7916 0x00000001038ca010 code [0x00000001038ca220, 0x00000001038cb268]
Event: 2182.896 Thread 0x00007fd0bd051800 7917       1       sun.lwawt.macosx.CPlatformWindow::isVisible (5 bytes)
Event: 2182.897 Thread 0x00007fd0bd051800 nmethod 7917 0x0000000103262990 code [0x0000000103262ae0, 0x0000000103262bf0]

GC Heap History (10 events):
Event: 2074.089 GC heap before
{Heap before GC invocations=89 (full 30):
 PSYoungGen      total 275456K, used 48613K [0x000000076cb00000, 0x0000000781b80000, 0x00000007c0000000)
  eden space 226816K, 0% used [0x000000076cb00000,0x000000076cb00000,0x000000077a880000)
  from space 48640K, 99% used [0x000000077b100000,0x000000077e079428,0x000000077e080000)
  to   space 58880K, 0% used [0x000000077e200000,0x000000077e200000,0x0000000781b80000)
 ParOldGen       total 290304K, used 245998K [0x00000006c6000000, 0x00000006d7b80000, 0x000000076cb00000)
  object space 290304K, 84% used [0x00000006c6000000,0x00000006d503b940,0x00000006d7b80000)
 Metaspace       used 26584K, capacity 26860K, committed 27008K, reserved 1073152K
  class space    used 2832K, capacity 2892K, committed 2944K, reserved 1048576K
Event: 2074.156 GC heap after
Heap after GC invocations=89 (full 30):
 PSYoungGen      total 275456K, used 0K [0x000000076cb00000, 0x0000000781b80000, 0x00000007c0000000)
  eden space 226816K, 0% used [0x000000076cb00000,0x000000076cb00000,0x000000077a880000)
  from space 48640K, 0% used [0x000000077b100000,0x000000077b100000,0x000000077e080000)
  to   space 58880K, 0% used [0x000000077e200000,0x000000077e200000,0x0000000781b80000)
 ParOldGen       total 302592K, used 176445K [0x00000006c6000000, 0x00000006d8780000, 0x000000076cb00000)
  object space 302592K, 58% used [0x00000006c6000000,0x00000006d0c4f408,0x00000006d8780000)
 Metaspace       used 26584K, capacity 26860K, committed 27008K, reserved 1073152K
  class space    used 2832K, capacity 2892K, committed 2944K, reserved 1048576K
}
Event: 2156.196 GC heap before
{Heap before GC invocations=90 (full 30):
 PSYoungGen      total 275456K, used 226816K [0x000000076cb00000, 0x0000000781b80000, 0x00000007c0000000)
  eden space 226816K, 100% used [0x000000076cb00000,0x000000077a880000,0x000000077a880000)
  from space 48640K, 0% used [0x000000077b100000,0x000000077b100000,0x000000077e080000)
  to   space 58880K, 0% used [0x000000077e200000,0x000000077e200000,0x0000000781b80000)
 ParOldGen       total 302592K, used 176445K [0x00000006c6000000, 0x00000006d8780000, 0x000000076cb00000)
  object space 302592K, 58% used [0x00000006c6000000,0x00000006d0c4f408,0x00000006d8780000)
 Metaspace       used 26608K, capacity 26924K, committed 27264K, reserved 1073152K
  class space    used 2832K, capacity 2892K, committed 2944K, reserved 1048576K
Event: 2156.214 GC heap after
Heap after GC invocations=90 (full 30):
 PSYoungGen      total 276992K, used 48322K [0x000000076cb00000, 0x0000000782400000, 0x00000007c0000000)
  eden space 218112K, 0% used [0x000000076cb00000,0x000000076cb00000,0x000000077a000000)
  from space 58880K, 82% used [0x000000077e200000,0x0000000781130bb8,0x0000000781b80000)
  to   space 67584K, 0% used [0x000000077a000000,0x000000077a000000,0x000000077e200000)
 ParOldGen       total 302592K, used 259140K [0x00000006c6000000, 0x00000006d8780000, 0x000000076cb00000)
  object space 302592K, 85% used [0x00000006c6000000,0x00000006d5d11238,0x00000006d8780000)
 Metaspace       used 26608K, capacity 26924K, committed 27264K, reserved 1073152K
  class space    used 2832K, capacity 2892K, committed 2944K, reserved 1048576K
}
Event: 2156.214 GC heap before
{Heap before GC invocations=91 (full 31):
 PSYoungGen      total 276992K, used 48322K [0x000000076cb00000, 0x0000000782400000, 0x00000007c0000000)
  eden space 218112K, 0% used [0x000000076cb00000,0x000000076cb00000,0x000000077a000000)
  from space 58880K, 82% used [0x000000077e200000,0x0000000781130bb8,0x0000000781b80000)
  to   space 67584K, 0% used [0x000000077a000000,0x000000077a000000,0x000000077e200000)
 ParOldGen       total 302592K, used 259140K [0x00000006c6000000, 0x00000006d8780000, 0x000000076cb00000)
  object space 302592K, 85% used [0x00000006c6000000,0x00000006d5d11238,0x00000006d8780000)
 Metaspace       used 26608K, capacity 26924K, committed 27264K, reserved 1073152K
  class space    used 2832K, capacity 2892K, committed 2944K, reserved 1048576K
Event: 2156.279 GC heap after
Heap after GC invocations=91 (full 31):
 PSYoungGen      total 276992K, used 0K [0x000000076cb00000, 0x0000000782400000, 0x00000007c0000000)
  eden space 218112K, 0% used [0x000000076cb00000,0x000000076cb00000,0x000000077a000000)
  from space 58880K, 0% used [0x000000077e200000,0x000000077e200000,0x0000000781b80000)
  to   space 67584K, 0% used [0x000000077a000000,0x000000077a000000,0x000000077e200000)
 ParOldGen       total 334336K, used 187584K [0x00000006c6000000, 0x00000006da680000, 0x000000076cb00000)
  object space 334336K, 56% used [0x00000006c6000000,0x00000006d17301e0,0x00000006da680000)
 Metaspace       used 26608K, capacity 26924K, committed 27264K, reserved 1073152K
  class space    used 2832K, capacity 2892K, committed 2944K, reserved 1048576K
}
Event: 2162.590 GC heap before
{Heap before GC invocations=92 (full 31):
 PSYoungGen      total 276992K, used 134922K [0x000000076cb00000, 0x0000000782400000, 0x00000007c0000000)
  eden space 218112K, 61% used [0x000000076cb00000,0x0000000774ec2be8,0x000000077a000000)
  from space 58880K, 0% used [0x000000077e200000,0x000000077e200000,0x0000000781b80000)
  to   space 67584K, 0% used [0x000000077a000000,0x000000077a000000,0x000000077e200000)
 ParOldGen       total 334336K, used 187584K [0x00000006c6000000, 0x00000006da680000, 0x000000076cb00000)
  object space 334336K, 56% used [0x00000006c6000000,0x00000006d17301e0,0x00000006da680000)
 Metaspace       used 26613K, capacity 26924K, committed 27264K, reserved 1073152K
  class space    used 2832K, capacity 2892K, committed 2944K, reserved 1048576K
Event: 2162.592 GC heap after
Heap after GC invocations=92 (full 31):
 PSYoungGen      total 216064K, used 5970K [0x000000076cb00000, 0x0000000781500000, 0x00000007c0000000)
  eden space 209920K, 0% used [0x000000076cb00000,0x000000076cb00000,0x0000000779800000)
  from space 6144K, 97% used [0x000000077a000000,0x000000077a5d49f0,0x000000077a600000)
  to   space 64000K, 0% used [0x000000077d680000,0x000000077d680000,0x0000000781500000)
 ParOldGen       total 334336K, used 187592K [0x00000006c6000000, 0x00000006da680000, 0x000000076cb00000)
  object space 334336K, 56% used [0x00000006c6000000,0x00000006d17321e0,0x00000006da680000)
 Metaspace       used 26613K, capacity 26924K, committed 27264K, reserved 1073152K
  class space    used 2832K, capacity 2892K, committed 2944K, reserved 1048576K
}
Event: 2162.592 GC heap before
{Heap before GC invocations=93 (full 32):
 PSYoungGen      total 216064K, used 5970K [0x000000076cb00000, 0x0000000781500000, 0x00000007c0000000)
  eden space 209920K, 0% used [0x000000076cb00000,0x000000076cb00000,0x0000000779800000)
  from space 6144K, 97% used [0x000000077a000000,0x000000077a5d49f0,0x000000077a600000)
  to   space 64000K, 0% used [0x000000077d680000,0x000000077d680000,0x0000000781500000)
 ParOldGen       total 334336K, used 187592K [0x00000006c6000000, 0x00000006da680000, 0x000000076cb00000)
  object space 334336K, 56% used [0x00000006c6000000,0x00000006d17321e0,0x00000006da680000)
 Metaspace       used 26613K, capacity 26924K, committed 27264K, reserved 1073152K
  class space    used 2832K, capacity 2892K, committed 2944K, reserved 1048576K
Event: 2162.732 GC heap after
Heap after GC invocations=93 (full 32):
 PSYoungGen      total 216064K, used 0K [0x000000076cb00000, 0x0000000781500000, 0x00000007c0000000)
  eden space 209920K, 0% used [0x000000076cb00000,0x000000076cb00000,0x0000000779800000)
  from space 6144K, 0% used [0x000000077a000000,0x000000077a000000,0x000000077a600000)
  to   space 64000K, 0% used [0x000000077d680000,0x000000077d680000,0x0000000781500000)
 ParOldGen       total 334336K, used 175564K [0x00000006c6000000, 0x00000006da680000, 0x000000076cb00000)
  object space 334336K, 52% used [0x00000006c6000000,0x00000006d0b73218,0x00000006da680000)
 Metaspace       used 26613K, capacity 26924K, committed 27264K, reserved 1073152K
  class space    used 2832K, capacity 2892K, committed 2944K, reserved 1048576K
}

Deoptimization events (10 events):
Event: 2058.945 Thread 0x00007fd0c6146000 Uncommon trap: reason=unreached action=reinterpret pc=0x00000001038585a8 method=lusc.net.github.analysis.clustering.ClusterValidation.silhouettePValue(Llusc/net/github/analysis/dendrograms/UPGMA;[[D[D)[[D @ 405
Event: 2059.150 Thread 0x00007fd0bd864000 Uncommon trap: reason=bimorphic action=maybe_recompile pc=0x0000000103f9a698 method=java.awt.AWTEventMulticaster.componentResized(Ljava/awt/event/ComponentEvent;)V @ 8
Event: 2063.198 Thread 0x00007fd0bd864000 Uncommon trap: reason=class_check action=maybe_recompile pc=0x000000010318d2f4 method=sun.dc.pr.Rasterizer.appendLine(FF)V @ 24
Event: 2063.200 Thread 0x00007fd0bd864000 Uncommon trap: reason=class_check action=maybe_recompile pc=0x000000010318d2f4 method=sun.dc.pr.Rasterizer.appendLine(FF)V @ 24
Event: 2063.200 Thread 0x00007fd0bd864000 Uncommon trap: reason=class_check action=maybe_recompile pc=0x000000010318d2f4 method=sun.dc.pr.Rasterizer.appendLine(FF)V @ 24
Event: 2063.200 Thread 0x00007fd0bd864000 Uncommon trap: reason=class_check action=maybe_recompile pc=0x000000010318d2f4 method=sun.dc.pr.Rasterizer.appendLine(FF)V @ 24
Event: 2085.072 Thread 0x00007fd0bd864000 Uncommon trap: reason=bimorphic action=maybe_recompile pc=0x0000000103f9a698 method=java.awt.AWTEventMulticaster.componentResized(Ljava/awt/event/ComponentEvent;)V @ 8
Event: 2087.081 Thread 0x00007fd0bd864000 Uncommon trap: reason=bimorphic action=maybe_recompile pc=0x0000000104590cf8 method=java.awt.AWTEventMulticaster.componentMoved(Ljava/awt/event/ComponentEvent;)V @ 8
Event: 2098.593 Thread 0x00007fd0bd864000 Uncommon trap: reason=bimorphic action=maybe_recompile pc=0x0000000104590cf8 method=java.awt.AWTEventMulticaster.componentMoved(Ljava/awt/event/ComponentEvent;)V @ 8
Event: 2155.556 Thread 0x00007fd0bc161000 Uncommon trap: reason=unreached action=reinterpret pc=0x000000010346b8f4 method=java.util.LinkedHashMap.afterNodeRemoval(Ljava/util/HashMap$Node;)V @ 27

Internal exceptions (10 events):
Event: 1808.449 Thread 0x00007fd0c6880800 Exception <a 'java/security/PrivilegedActionException'> (0x000000076e933d98) thrown at [/HUDSON3/workspace/8-2-build-macosx-x86_64/jdk8u25/1514/hotspot/src/share/vm/prims/jvm.cpp, line 1312]
Event: 1808.450 Thread 0x00007fd0c6880800 Exception <a 'java/security/PrivilegedActionException'> (0x000000076e939938) thrown at [/HUDSON3/workspace/8-2-build-macosx-x86_64/jdk8u25/1514/hotspot/src/share/vm/prims/jvm.cpp, line 1312]
Event: 1808.451 Thread 0x00007fd0c6880800 Exception <a 'java/security/PrivilegedActionException'> (0x000000076e942168) thrown at [/HUDSON3/workspace/8-2-build-macosx-x86_64/jdk8u25/1514/hotspot/src/share/vm/prims/jvm.cpp, line 1312]
Event: 1808.472 Thread 0x00007fd0c6880800 Exception <a 'java/security/PrivilegedActionException'> (0x000000076e9df870) thrown at [/HUDSON3/workspace/8-2-build-macosx-x86_64/jdk8u25/1514/hotspot/src/share/vm/prims/jvm.cpp, line 1312]
Event: 1808.474 Thread 0x00007fd0c6880800 Exception <a 'java/security/PrivilegedActionException'> (0x000000076e9e8b28) thrown at [/HUDSON3/workspace/8-2-build-macosx-x86_64/jdk8u25/1514/hotspot/src/share/vm/prims/jvm.cpp, line 1312]
Event: 1808.490 Thread 0x00007fd0c6880800 Exception <a 'java/security/PrivilegedActionException'> (0x000000076ea34790) thrown at [/HUDSON3/workspace/8-2-build-macosx-x86_64/jdk8u25/1514/hotspot/src/share/vm/prims/jvm.cpp, line 1312]
Event: 1851.123 Thread 0x00007fd0bd864000 Implicit null exception at 0x00000001040d1b78 to 0x00000001040d2a71
Event: 1949.819 Thread 0x00007fd0bd86c000 Implicit null exception at 0x0000000103674aeb to 0x0000000103674ba5
Event: 1969.765 Thread 0x00007fd0bd864000 Exception <a 'java/security/PrivilegedActionException'> (0x0000000774d36bf8) thrown at [/HUDSON3/workspace/8-2-build-macosx-x86_64/jdk8u25/1514/hotspot/src/share/vm/prims/jvm.cpp, line 1312]
Event: 2042.902 Thread 0x00007fd0c6d45800 Exception <a 'java/security/PrivilegedActionException'> (0x000000076e5ec6d0) thrown at [/HUDSON3/workspace/8-2-build-macosx-x86_64/jdk8u25/1514/hotspot/src/share/vm/prims/jvm.cpp, line 1312]

Events (10 events):
Event: 2176.723 Thread 0x00007fd0bd051800 flushing nmethod 0x00000001038d8a90
Event: 2176.723 Thread 0x00007fd0bd051800 flushing nmethod 0x00000001038f6250
Event: 2176.723 Thread 0x00007fd0bd051800 flushing nmethod 0x0000000103984ad0
Event: 2181.931 Thread 0x00007fd0bd051800 flushing nmethod 0x0000000103ae8890
Event: 2181.931 Thread 0x00007fd0bd051800 flushing nmethod 0x0000000103b28250
Event: 2182.897 Thread 0x00007fd0bd051800 flushing nmethod 0x0000000103ca7e10
Event: 2182.897 Thread 0x00007fd0bd051800 flushing nmethod 0x0000000103cba490
Event: 2182.897 Thread 0x00007fd0bd051800 flushing nmethod 0x0000000103d2e290
Event: 2182.898 Thread 0x00007fd0bd051800 flushing nmethod 0x0000000103da1550
Event: 2182.898 Thread 0x00007fd0bd051800 flushing nmethod 0x0000000103db46d0


Dynamic libraries:
0x0000000008c96000 	/System/Library/Frameworks/Cocoa.framework/Versions/A/Cocoa
0x0000000008c96000 	/System/Library/Frameworks/Security.framework/Versions/A/Security
0x0000000008c96000 	/System/Library/Frameworks/ApplicationServices.framework/Versions/A/ApplicationServices
0x0000000008c96000 	/usr/lib/libz.1.dylib
0x0000000008c96000 	/usr/lib/libSystem.B.dylib
0x0000000008c96000 	/usr/lib/libobjc.A.dylib
0x0000000008c96000 	/System/Library/Frameworks/CoreFoundation.framework/Versions/A/CoreFoundation
0x0000000008c96000 	/System/Library/Frameworks/Foundation.framework/Versions/C/Foundation
0x0000000008c96000 	/System/Library/Frameworks/AppKit.framework/Versions/C/AppKit
0x0000000008c96000 	/System/Library/Frameworks/CoreData.framework/Versions/A/CoreData
0x0000000008c96000 	/System/Library/PrivateFrameworks/RemoteViewServices.framework/Versions/A/RemoteViewServices
0x0000000008c96000 	/System/Library/PrivateFrameworks/UIFoundation.framework/Versions/A/UIFoundation
0x0000000008c96000 	/System/Library/Frameworks/IOSurface.framework/Versions/A/IOSurface
0x0000000008c96000 	/System/Library/Frameworks/AudioToolbox.framework/Versions/A/AudioToolbox
0x0000000008c96000 	/System/Library/Frameworks/AudioUnit.framework/Versions/A/AudioUnit
0x0000000008c96000 	/System/Library/PrivateFrameworks/DataDetectorsCore.framework/Versions/A/DataDetectorsCore
0x0000000008c96000 	/System/Library/PrivateFrameworks/DesktopServicesPriv.framework/Versions/A/DesktopServicesPriv
0x0000000008c96000 	/System/Library/Frameworks/Carbon.framework/Versions/A/Frameworks/HIToolbox.framework/Versions/A/HIToolbox
0x0000000008c96000 	/System/Library/Frameworks/QuartzCore.framework/Versions/A/QuartzCore
0x0000000008c96000 	/System/Library/Frameworks/Carbon.framework/Versions/A/Frameworks/SpeechRecognition.framework/Versions/A/SpeechRecognition
0x0000000008c96000 	/usr/lib/libauto.dylib
0x0000000008c96000 	/usr/lib/libicucore.A.dylib
0x0000000008c96000 	/usr/lib/libxml2.2.dylib
0x0000000008c96000 	/System/Library/PrivateFrameworks/CoreUI.framework/Versions/A/CoreUI
0x0000000008c96000 	/System/Library/Frameworks/CoreAudio.framework/Versions/A/CoreAudio
0x0000000008c96000 	/System/Library/Frameworks/DiskArbitration.framework/Versions/A/DiskArbitration
0x0000000008c96000 	/usr/lib/liblangid.dylib
0x0000000008c96000 	/System/Library/PrivateFrameworks/MultitouchSupport.framework/Versions/A/MultitouchSupport
0x0000000008c96000 	/System/Library/Frameworks/IOKit.framework/Versions/A/IOKit
0x0000000008c96000 	/usr/lib/libDiagnosticMessagesClient.dylib
0x0000000008c96000 	/System/Library/Frameworks/CoreServices.framework/Versions/A/CoreServices
0x0000000008c96000 	/System/Library/PrivateFrameworks/PerformanceAnalysis.framework/Versions/A/PerformanceAnalysis
0x0000000008c96000 	/System/Library/PrivateFrameworks/GenerationalStorage.framework/Versions/A/GenerationalStorage
0x0000000008c96000 	/System/Library/Frameworks/OpenGL.framework/Versions/A/OpenGL
0x0000000008c96000 	/System/Library/PrivateFrameworks/Sharing.framework/Versions/A/Sharing
0x0000000008c96000 	/System/Library/Frameworks/CoreGraphics.framework/Versions/A/CoreGraphics
0x0000000008c96000 	/System/Library/Frameworks/CoreText.framework/Versions/A/CoreText
0x0000000008c96000 	/System/Library/Frameworks/ImageIO.framework/Versions/A/ImageIO
0x0000000008c96000 	/usr/lib/libextension.dylib
0x0000000008c96000 	/System/Library/PrivateFrameworks/Backup.framework/Versions/A/Backup
0x0000000008c96000 	/usr/lib/libarchive.2.dylib
0x0000000008c96000 	/System/Library/Frameworks/CFNetwork.framework/Versions/A/CFNetwork
0x0000000008c96000 	/System/Library/Frameworks/SystemConfiguration.framework/Versions/A/SystemConfiguration
0x0000000008c96000 	/usr/lib/libCRFSuite.dylib
0x0000000008c96000 	/usr/lib/libc++.1.dylib
0x0000000008c96000 	/usr/lib/libc++abi.dylib
0x0000000008c96000 	/usr/lib/system/libcache.dylib
0x0000000008c96000 	/usr/lib/system/libcommonCrypto.dylib
0x0000000008c96000 	/usr/lib/system/libcompiler_rt.dylib
0x0000000008c96000 	/usr/lib/system/libcopyfile.dylib
0x0000000008c96000 	/usr/lib/system/libcorecrypto.dylib
0x0000000008c96000 	/usr/lib/system/libdispatch.dylib
0x0000000008c96000 	/usr/lib/system/libdyld.dylib
0x0000000008c96000 	/usr/lib/system/libkeymgr.dylib
0x0000000008c96000 	/usr/lib/system/liblaunch.dylib
0x0000000008c96000 	/usr/lib/system/libmacho.dylib
0x0000000008c96000 	/usr/lib/system/libquarantine.dylib
0x0000000008c96000 	/usr/lib/system/libremovefile.dylib
0x0000000008c96000 	/usr/lib/system/libsystem_asl.dylib
0x0000000008c96000 	/usr/lib/system/libsystem_blocks.dylib
0x0000000008c96000 	/usr/lib/system/libsystem_c.dylib
0x0000000008c96000 	/usr/lib/system/libsystem_configuration.dylib
0x0000000008c96000 	/usr/lib/system/libsystem_coreservices.dylib
0x0000000008c96000 	/usr/lib/system/libsystem_coretls.dylib
0x0000000008c96000 	/usr/lib/system/libsystem_dnssd.dylib
0x0000000008c96000 	/usr/lib/system/libsystem_info.dylib
0x0000000008c96000 	/usr/lib/system/libsystem_kernel.dylib
0x0000000008c96000 	/usr/lib/system/libsystem_m.dylib
0x0000000008c96000 	/usr/lib/system/libsystem_malloc.dylib
0x0000000008c96000 	/usr/lib/system/libsystem_network.dylib
0x0000000008c96000 	/usr/lib/system/libsystem_networkextension.dylib
0x0000000008c96000 	/usr/lib/system/libsystem_notify.dylib
0x0000000008c96000 	/usr/lib/system/libsystem_platform.dylib
0x0000000008c96000 	/usr/lib/system/libsystem_pthread.dylib
0x0000000008c96000 	/usr/lib/system/libsystem_sandbox.dylib
0x0000000008c96000 	/usr/lib/system/libsystem_secinit.dylib
0x0000000008c96000 	/usr/lib/system/libsystem_stats.dylib
0x0000000008c96000 	/usr/lib/system/libsystem_trace.dylib
0x0000000008c96000 	/usr/lib/system/libunc.dylib
0x0000000008c96000 	/usr/lib/system/libunwind.dylib
0x0000000008c96000 	/usr/lib/system/libxpc.dylib
0x0000000008c96000 	/usr/lib/libbz2.1.0.dylib
0x0000000008c96000 	/usr/lib/liblzma.5.dylib
0x0000000008c96000 	/usr/lib/libbsm.0.dylib
0x0000000008c96000 	/usr/lib/libsqlite3.dylib
0x0000000008c96000 	/usr/lib/system/libkxld.dylib
0x0000000008c96000 	/usr/lib/libxar.1.dylib
0x0000000008c96000 	/usr/lib/libpam.2.dylib
0x0000000008c96000 	/usr/lib/libOpenScriptingUtil.dylib
0x0000000008c96000 	/System/Library/Frameworks/CoreServices.framework/Versions/A/Frameworks/FSEvents.framework/Versions/A/FSEvents
0x0000000008c96000 	/System/Library/Frameworks/CoreServices.framework/Versions/A/Frameworks/CarbonCore.framework/Versions/A/CarbonCore
0x0000000008c96000 	/System/Library/Frameworks/CoreServices.framework/Versions/A/Frameworks/Metadata.framework/Versions/A/Metadata
0x0000000008c96000 	/System/Library/Frameworks/CoreServices.framework/Versions/A/Frameworks/OSServices.framework/Versions/A/OSServices
0x0000000008c96000 	/System/Library/Frameworks/CoreServices.framework/Versions/A/Frameworks/SearchKit.framework/Versions/A/SearchKit
0x0000000008c96000 	/System/Library/Frameworks/CoreServices.framework/Versions/A/Frameworks/AE.framework/Versions/A/AE
0x0000000008c96000 	/System/Library/Frameworks/CoreServices.framework/Versions/A/Frameworks/LaunchServices.framework/Versions/A/LaunchServices
0x0000000008c96000 	/System/Library/Frameworks/CoreServices.framework/Versions/A/Frameworks/DictionaryServices.framework/Versions/A/DictionaryServices
0x0000000008c96000 	/System/Library/Frameworks/NetFS.framework/Versions/A/NetFS
0x0000000008c96000 	/System/Library/PrivateFrameworks/NetAuth.framework/Versions/A/NetAuth
0x0000000008c96000 	/System/Library/PrivateFrameworks/login.framework/Versions/A/Frameworks/loginsupport.framework/Versions/A/loginsupport
0x0000000008c96000 	/System/Library/PrivateFrameworks/TCC.framework/Versions/A/TCC
0x0000000008c96000 	/usr/lib/libmecabra.dylib
0x0000000008c96000 	/System/Library/Frameworks/ApplicationServices.framework/Versions/A/Frameworks/ATS.framework/Versions/A/ATS
0x0000000008c96000 	/System/Library/Frameworks/ApplicationServices.framework/Versions/A/Frameworks/ColorSync.framework/Versions/A/ColorSync
0x0000000008c96000 	/System/Library/Frameworks/ApplicationServices.framework/Versions/A/Frameworks/HIServices.framework/Versions/A/HIServices
0x0000000008c96000 	/System/Library/Frameworks/ApplicationServices.framework/Versions/A/Frameworks/LangAnalysis.framework/Versions/A/LangAnalysis
0x0000000008c96000 	/System/Library/Frameworks/ApplicationServices.framework/Versions/A/Frameworks/PrintCore.framework/Versions/A/PrintCore
0x0000000008c96000 	/System/Library/Frameworks/ApplicationServices.framework/Versions/A/Frameworks/QD.framework/Versions/A/QD
0x0000000008c96000 	/System/Library/Frameworks/ApplicationServices.framework/Versions/A/Frameworks/SpeechSynthesis.framework/Versions/A/SpeechSynthesis
0x0000000008c96000 	/System/Library/Frameworks/Accelerate.framework/Versions/A/Accelerate
0x0000000008c96000 	/System/Library/Frameworks/Accelerate.framework/Versions/A/Frameworks/vImage.framework/Versions/A/vImage
0x0000000008c96000 	/System/Library/Frameworks/Accelerate.framework/Versions/A/Frameworks/vecLib.framework/Versions/A/vecLib
0x0000000008c96000 	/System/Library/Frameworks/Accelerate.framework/Versions/A/Frameworks/vecLib.framework/Versions/A/libvDSP.dylib
0x0000000008c96000 	/System/Library/Frameworks/Accelerate.framework/Versions/A/Frameworks/vecLib.framework/Versions/A/libvMisc.dylib
0x0000000008c96000 	/System/Library/Frameworks/Accelerate.framework/Versions/A/Frameworks/vecLib.framework/Versions/A/libLAPACK.dylib
0x0000000008c96000 	/System/Library/Frameworks/Accelerate.framework/Versions/A/Frameworks/vecLib.framework/Versions/A/libBLAS.dylib
0x0000000008c96000 	/System/Library/Frameworks/Accelerate.framework/Versions/A/Frameworks/vecLib.framework/Versions/A/libLinearAlgebra.dylib
0x0000000008c96000 	/System/Library/Frameworks/ApplicationServices.framework/Versions/A/Frameworks/ATS.framework/Versions/A/Resources/libFontParser.dylib
0x0000000008c96000 	/System/Library/Frameworks/ApplicationServices.framework/Versions/A/Frameworks/ATS.framework/Versions/A/Resources/libFontRegistry.dylib
0x0000000008c96000 	/System/Library/PrivateFrameworks/AppleVPA.framework/Versions/A/AppleVPA
0x0000000008c96000 	/System/Library/PrivateFrameworks/AppleJPEG.framework/Versions/A/AppleJPEG
0x0000000008c96000 	/System/Library/Frameworks/ImageIO.framework/Versions/A/Resources/libJPEG.dylib
0x0000000008c96000 	/System/Library/Frameworks/ImageIO.framework/Versions/A/Resources/libTIFF.dylib
0x0000000008c96000 	/System/Library/Frameworks/ImageIO.framework/Versions/A/Resources/libPng.dylib
0x0000000008c96000 	/System/Library/Frameworks/ImageIO.framework/Versions/A/Resources/libGIF.dylib
0x0000000008c96000 	/System/Library/Frameworks/ImageIO.framework/Versions/A/Resources/libJP2.dylib
0x0000000008c96000 	/System/Library/Frameworks/ImageIO.framework/Versions/A/Resources/libRadiance.dylib
0x0000000008c96000 	/System/Library/Frameworks/CoreVideo.framework/Versions/A/CoreVideo
0x0000000008c96000 	/System/Library/Frameworks/OpenGL.framework/Versions/A/Libraries/libGLU.dylib
0x0000000008c96000 	/System/Library/Frameworks/OpenGL.framework/Versions/A/Libraries/libGFXShared.dylib
0x0000000008c96000 	/System/Library/Frameworks/OpenGL.framework/Versions/A/Libraries/libGL.dylib
0x0000000008c96000 	/System/Library/Frameworks/OpenGL.framework/Versions/A/Libraries/libGLImage.dylib
0x0000000008c96000 	/System/Library/Frameworks/OpenGL.framework/Versions/A/Libraries/libCVMSPluginSupport.dylib
0x0000000008c96000 	/System/Library/Frameworks/OpenGL.framework/Versions/A/Libraries/libCoreVMClient.dylib
0x0000000008c96000 	/usr/lib/libcups.2.dylib
0x0000000008c96000 	/System/Library/Frameworks/Kerberos.framework/Versions/A/Kerberos
0x0000000008c96000 	/System/Library/Frameworks/GSS.framework/Versions/A/GSS
0x0000000008c96000 	/usr/lib/libresolv.9.dylib
0x0000000008c96000 	/usr/lib/libiconv.2.dylib
0x0000000008c96000 	/System/Library/PrivateFrameworks/Heimdal.framework/Versions/A/Heimdal
0x0000000008c96000 	/usr/lib/libheimdal-asn1.dylib
0x0000000008c96000 	/System/Library/Frameworks/OpenDirectory.framework/Versions/A/OpenDirectory
0x0000000008c96000 	/System/Library/PrivateFrameworks/CommonAuth.framework/Versions/A/CommonAuth
0x0000000008c96000 	/System/Library/Frameworks/OpenDirectory.framework/Versions/A/Frameworks/CFOpenDirectory.framework/Versions/A/CFOpenDirectory
0x0000000008c96000 	/System/Library/Frameworks/SecurityFoundation.framework/Versions/A/SecurityFoundation
0x0000000008c96000 	/System/Library/PrivateFrameworks/LanguageModeling.framework/Versions/A/LanguageModeling
0x0000000008c96000 	/usr/lib/libcmph.dylib
0x0000000008c96000 	/System/Library/Frameworks/ServiceManagement.framework/Versions/A/ServiceManagement
0x0000000008c96000 	/usr/lib/libxslt.1.dylib
0x0000000008c96000 	/System/Library/Frameworks/Carbon.framework/Versions/A/Frameworks/Ink.framework/Versions/A/Ink
0x0000000008c96000 	/System/Library/Frameworks/QuartzCore.framework/Versions/A/Frameworks/CoreImage.framework/Versions/A/CoreImage
0x0000000008c96000 	/System/Library/PrivateFrameworks/CrashReporterSupport.framework/Versions/A/CrashReporterSupport
0x0000000008c96000 	/System/Library/Frameworks/OpenCL.framework/Versions/A/OpenCL
0x0000000008c96000 	/System/Library/PrivateFrameworks/FaceCore.framework/Versions/A/FaceCore
0x0000000008c96000 	/System/Library/PrivateFrameworks/Ubiquity.framework/Versions/A/Ubiquity
0x0000000008c96000 	/System/Library/PrivateFrameworks/IconServices.framework/Versions/A/IconServices
0x0000000008c96000 	/System/Library/PrivateFrameworks/ChunkingLibrary.framework/Versions/A/ChunkingLibrary
0x0000000008c96000 	/System/Library/PrivateFrameworks/Apple80211.framework/Versions/A/Apple80211
0x0000000008c96000 	/System/Library/Frameworks/CoreWLAN.framework/Versions/A/CoreWLAN
0x0000000008c96000 	/System/Library/Frameworks/IOBluetooth.framework/Versions/A/IOBluetooth
0x0000000008c96000 	/System/Library/PrivateFrameworks/CoreWiFi.framework/Versions/A/CoreWiFi
0x0000000008c96000 	/System/Library/Frameworks/CoreBluetooth.framework/Versions/A/CoreBluetooth
0x0000000008c96000 	/System/Library/PrivateFrameworks/DebugSymbols.framework/Versions/A/DebugSymbols
0x0000000008c96000 	/System/Library/PrivateFrameworks/CoreSymbolication.framework/Versions/A/CoreSymbolication
0x0000000008c96000 	/System/Library/PrivateFrameworks/Symbolication.framework/Versions/A/Symbolication
0x0000000008c96000 	/System/Library/PrivateFrameworks/SpeechRecognitionCore.framework/Versions/A/SpeechRecognitionCore
0x0000000101e00000 	/Library/Java/JavaVirtualMachines/jdk1.8.0_25.jdk/Contents/Home/jre/lib/server/libjvm.dylib
0x0000000008c96000 	/usr/lib/libstdc++.6.dylib
0x0000000100d96000 	/Library/Java/JavaVirtualMachines/jdk1.8.0_25.jdk/Contents/Home/jre/lib/libverify.dylib
0x0000000100da4000 	/Library/Java/JavaVirtualMachines/jdk1.8.0_25.jdk/Contents/Home/jre/lib/libjava.dylib
0x0000000100de2000 	/Library/Java/JavaVirtualMachines/jdk1.8.0_25.jdk/Contents/Home/jre/lib/libzip.dylib
0x000000011e56e000 	/System/Library/Frameworks/JavaVM.framework/Frameworks/JavaRuntimeSupport.framework/JavaRuntimeSupport
0x000000011e589000 	/System/Library/Frameworks/JavaVM.framework/Versions/A/Frameworks/JavaNativeFoundation.framework/Versions/A/JavaNativeFoundation
0x0000000100dec000 	/System/Library/Frameworks/JavaVM.framework/Versions/A/JavaVM
0x0000000008c96000 	/System/Library/Frameworks/Carbon.framework/Versions/A/Carbon
0x000000011e59e000 	/System/Library/PrivateFrameworks/JavaLaunching.framework/Versions/A/JavaLaunching
0x0000000008c96000 	/System/Library/Frameworks/Carbon.framework/Versions/A/Frameworks/CommonPanels.framework/Versions/A/CommonPanels
0x0000000008c96000 	/System/Library/Frameworks/Carbon.framework/Versions/A/Frameworks/Help.framework/Versions/A/Help
0x0000000008c96000 	/System/Library/Frameworks/Carbon.framework/Versions/A/Frameworks/ImageCapture.framework/Versions/A/ImageCapture
0x0000000008c96000 	/System/Library/Frameworks/Carbon.framework/Versions/A/Frameworks/OpenScripting.framework/Versions/A/OpenScripting
0x0000000008c96000 	/System/Library/Frameworks/Carbon.framework/Versions/A/Frameworks/Print.framework/Versions/A/Print
0x0000000008c96000 	/System/Library/Frameworks/Carbon.framework/Versions/A/Frameworks/SecurityHI.framework/Versions/A/SecurityHI
0x00000001205d4000 	/Library/Java/JavaVirtualMachines/jdk1.8.0_25.jdk/Contents/Home/jre/lib/libawt.dylib
0x0000000120683000 	/Library/Java/JavaVirtualMachines/jdk1.8.0_25.jdk/Contents/Home/jre/lib/./libmlib_image.dylib
0x000000012074f000 	/Library/Java/JavaVirtualMachines/jdk1.8.0_25.jdk/Contents/Home/jre/lib/libawt_lwawt.dylib
0x0000000120802000 	/Library/Java/JavaVirtualMachines/jdk1.8.0_25.jdk/Contents/Home/jre/lib/./libosxapp.dylib
0x0000000008c96000 	/System/Library/Frameworks/ExceptionHandling.framework/Versions/A/ExceptionHandling
0x0000000008c96000 	/System/Library/PrivateFrameworks/CoreServicesInternal.framework/Versions/A/CoreServicesInternal
0x0000000008c96000 	/System/Library/PrivateFrameworks/CloudDocs.framework/Versions/A/CloudDocs
0x0000000008c96000 	/System/Library/PrivateFrameworks/CoreDuet.framework/Versions/A/CoreDuet
0x0000000008c96000 	/System/Library/Frameworks/CloudKit.framework/Versions/A/CloudKit
0x0000000008c96000 	/System/Library/PrivateFrameworks/ProtocolBuffer.framework/Versions/A/ProtocolBuffer
0x0000000008c96000 	/System/Library/PrivateFrameworks/CoreDuetDaemonProtocol.framework/Versions/A/CoreDuetDaemonProtocol
0x0000000008c96000 	/System/Library/PrivateFrameworks/CoreDuetDebugLogging.framework/Versions/A/CoreDuetDebugLogging
0x0000000008c96000 	/System/Library/PrivateFrameworks/MMCS.framework/Versions/A/MMCS
0x0000000008c96000 	/System/Library/Frameworks/CoreLocation.framework/Versions/A/CoreLocation
0x0000000008c96000 	/System/Library/PrivateFrameworks/ProtectedCloudStorage.framework/Versions/A/ProtectedCloudStorage
0x0000000008c96000 	/System/Library/PrivateFrameworks/GeoServices.framework/Versions/A/GeoServices
0x0000000008c96000 	/System/Library/Frameworks/CoreGraphics.framework/Versions/A/Resources/libCGCMS.A.dylib
0x0000000008c96000 	/System/Library/Frameworks/CoreGraphics.framework/Versions/A/Resources/libRIP.A.dylib
0x0000000008c96000 	/System/Library/Frameworks/CoreGraphics.framework/Versions/A/Resources/libCGXType.A.dylib
0x0000000008c96000 	/System/Library/Frameworks/OpenCL.framework/Versions/A/Libraries/libcldcpuengine.dylib
0x0000000008c96000 	/System/Library/PrivateFrameworks/DiskImages.framework/Versions/A/DiskImages
0x0000000008c96000 	/System/Library/Frameworks/DiscRecording.framework/Versions/A/DiscRecording
0x0000000008c96000 	/usr/lib/libcsfde.dylib
0x0000000008c96000 	/usr/lib/libcurl.4.dylib
0x0000000008c96000 	/System/Library/PrivateFrameworks/MediaKit.framework/Versions/A/MediaKit
0x0000000008c96000 	/usr/lib/libCoreStorage.dylib
0x0000000008c96000 	/System/Library/PrivateFrameworks/EFILogin.framework/Versions/A/EFILogin
0x0000000008c96000 	/usr/lib/libutil.dylib
0x0000000008c96000 	/System/Library/PrivateFrameworks/FindMyDevice.framework/Versions/A/FindMyDevice
0x0000000008c96000 	/System/Library/Frameworks/LDAP.framework/Versions/A/LDAP
0x0000000008c96000 	/usr/lib/libsasl2.2.dylib
0x0000000008c96000 	/System/Library/PrivateFrameworks/CoreDaemon.framework/Versions/B/CoreDaemon
0x0000000008c96000 	/usr/lib/libcrypto.0.9.8.dylib
0x0000000008c96000 	/System/Library/PrivateFrameworks/AppleSRP.framework/Versions/A/AppleSRP
0x0000000008c96000 	/System/Library/PrivateFrameworks/TrustEvaluationAgent.framework/Versions/A/TrustEvaluationAgent
0x0000000123d9a000 	cl_kernels
0x0000000123d9c000 	/System/Library/Frameworks/OpenCL.framework/Versions/A/Libraries/ImageFormats/unorm8_bgra.dylib
0x0000000123d8c000 	cl_kernels
0x0000000008c96000 	/System/Library/PrivateFrameworks/FamilyControls.framework/Versions/A/FamilyControls
0x0000000008c96000 	/System/Library/PrivateFrameworks/CommerceKit.framework/Versions/A/Frameworks/CommerceCore.framework/Versions/A/CommerceCore
0x0000000008c96000 	/System/Library/PrivateFrameworks/SystemAdministration.framework/Versions/A/SystemAdministration
0x0000000008c96000 	/System/Library/PrivateFrameworks/AppContainer.framework/Versions/A/AppContainer
0x0000000008c96000 	/System/Library/PrivateFrameworks/SecCodeWrapper.framework/Versions/A/SecCodeWrapper
0x0000000008c96000 	/System/Library/Frameworks/DirectoryService.framework/Versions/A/DirectoryService
0x0000000008c96000 	/System/Library/PrivateFrameworks/LoginUIKit.framework/Versions/A/Frameworks/LoginUICore.framework/Versions/A/LoginUICore
0x0000000008c96000 	/usr/lib/libodfde.dylib
0x0000000125247000 	/Library/Java/JavaVirtualMachines/jdk1.8.0_25.jdk/Contents/Home/jre/lib/libfontmanager.dylib
0x00000001231fe000 	/Library/Java/JavaVirtualMachines/jdk1.8.0_25.jdk/Contents/Home/jre/lib/libosxui.dylib
0x0000000008c96000 	/System/Library/Frameworks/OpenGL.framework/Versions/A/Resources/GLEngine.bundle/GLEngine
0x0000000008c96000 	/System/Library/Frameworks/OpenGL.framework/Versions/A/Libraries/libGLProgrammability.dylib
0x000000012605c000 	/System/Library/Extensions/AppleIntelHD5000GraphicsGLDriver.bundle/Contents/MacOS/AppleIntelHD5000GraphicsGLDriver
0x0000000008c96000 	/System/Library/PrivateFrameworks/IOAccelerator.framework/Versions/A/IOAccelerator
0x0000000008c96000 	/System/Library/PrivateFrameworks/GPUSupport.framework/Versions/A/Libraries/libGPUSupportMercury.dylib
0x0000000000000000 	/System/Library/Extensions/GeForceGLDriver.bundle/Contents/MacOS/GeForceGLDriver
0x0000000008c96000 	/System/Library/Extensions/GeForceGLDriver.bundle/Contents/MacOS/libclh.dylib
0x0000000008c96000 	/System/Library/Frameworks/OpenGL.framework/Versions/A/Resources/GLRendererFloat.bundle/GLRendererFloat
0x0000000127d41000 	/Library/Java/JavaVirtualMachines/jdk1.8.0_25.jdk/Contents/Home/jre/lib/libnet.dylib
0x0000000127dc9000 	/Library/Java/JavaVirtualMachines/jdk1.8.0_25.jdk/Contents/Home/jre/lib/libnio.dylib
0x0000000008c96000 	/System/Library/Frameworks/Accelerate.framework/Versions/A/Frameworks/vImage.framework/Versions/A/Libraries/libCGInterfaces.dylib
0x0000000120832000 	/Library/Java/JavaVirtualMachines/jdk1.8.0_25.jdk/Contents/Home/jre/lib/libjsound.dylib
0x000000012ea7e000 	/System/Library/Frameworks/CoreMIDI.framework/Versions/A/CoreMIDI
0x0000000008c96000 	/usr/lib/libexpat.1.dylib
0x0000000120845000 	/System/Library/Extensions/AppleHDA.kext/Contents/PlugIns/AppleHDAHALPlugIn.bundle/Contents/MacOS/AppleHDAHALPlugIn
0x0000000137b5b000 	/System/Library/Components/CoreAudio.component/Contents/MacOS/CoreAudio
0x0000000008c96000 	/System/Library/Frameworks/ApplicationServices.framework/Versions/A/Frameworks/ATS.framework/Versions/A/Resources/libTrueTypeScaler.dylib
0x000000011e62d000 	/Library/Java/JavaVirtualMachines/jdk1.8.0_25.jdk/Contents/Home/jre/lib/libdcpr.dylib
0x000000016bdcf000 	/private/var/folders/jg/254s_l5d3fb2xp_c945dd2q80000gp/T/jniloader2151654167790729517netlib-native_system-osx-x86_64.jnilib

VM Arguments:
jvm_args: -Xmx4000m -Dfile.encoding=UTF-8 
java_command: lusc.net.github.Luscinia
java_class_path (initial): /Users/Rob/Documents/workspace/Luscinia/Luscinia/target/classes:/Users/Rob/Documents/workspace/colt.jar:/Users/Rob/Documents/workspace/hsqldb.jar:/Users/Rob/Documents/workspace/mysql-connector-java-3.0.15-ga-bin.jar:/Users/Rob/Documents/workspace/poi-2.5.1-final-20040804.jar:/Users/Rob/Documents/Programming Projects/git/LusciniaRepository/Luscinia/ejml-0.20.jar:/Users/Rob/Documents/Programming Projects/git/LusciniaRepository/Luscinia/mdsj.jar:/Users/Rob/Documents/workspace/h2-1.3.176.jar:/Users/Rob/Documents/workspace/ejml-0.20.jar:/Users/Rob/.m2/repository/com/h2database/h2/1.4.190/h2-1.4.190.jar:/Users/Rob/.m2/repository/org/apache/poi/poi/3.13/poi-3.13.jar:/Users/Rob/.m2/repository/commons-codec/commons-codec/1.9/commons-codec-1.9.jar:/Users/Rob/.m2/repository/colt/colt/1.2.0/colt-1.2.0.jar:/Users/Rob/.m2/repository/concurrent/concurrent/1.3.4/concurrent-1.3.4.jar:/Users/Rob/.m2/repository/com/googlecode/soundlibs/tritonus-share/0.3.7-2/tritonus-share-0.3.7-2.jar:/Users/Rob/Documents/workspace/mdsj.jar:/Users/Rob/.m2/repository/com/googlecode/matrix-toolkits-java/mtj/1.0.2/mtj-1.0.2.jar:/Users/Rob/.m2/repository/net/sourceforge/f2j/arpack_combined_all/0.1/arpack_combined_all-0.1.jar:/Users/Rob/.m2/repository/com/github/fommil/netlib/core/1.1.2/core-1.1.2.jar:/Users/Rob/.m2/repository/com/github/fommil/netlib/netlib-native_ref-osx-x86_64/1.1/netlib-native_ref-osx-x86_64-1.1-natives.jar:/Users/Rob/.m2/repository/com/github/fommil/netlib/native_ref-java/1.1/native_ref-java-1.1.jar:/Users/Rob/.m2/repository/com/github/fommil/jniloader/1.1/jniloader-1.1.jar:/Users/Rob/.m2/repository/com/github/fommil/netlib/netlib-native_ref-linux-x86_64/1.1/netlib-native_ref-linux-x86_64-1.1-natives.jar:/Users/Rob/.m2/repository/com/github/fommil/netlib/netlib-native_ref-linux-i686/1.1/netlib-native_ref-linux-i686-1.1-natives.jar:/Users/Rob/.m2/repository/com/github/fommil/netlib/netlib-native_ref-win-x86_64/1.1/netlib-native_ref-win-x86_64-1.1-natives.ja
Launcher Type: SUN_STANDARD

Environment Variables:
PATH=/usr/bin:/bin:/usr/sbin:/sbin
SHELL=/bin/bash
DISPLAY=/private/tmp/com.apple.launchd.NBA15HDzxD/org.macosforge.xquartz:0

Signal Handlers:
SIGSEGV: [libjvm.dylib+0x579dc7], sa_mask[0]=11111111011111110111111111111111, sa_flags=SA_ONSTACK|SA_RESTART|SA_SIGINFO
SIGBUS: [libjvm.dylib+0x579dc7], sa_mask[0]=11111111011111110111111111111111, sa_flags=SA_RESTART|SA_SIGINFO
SIGFPE: [libjvm.dylib+0x45b030], sa_mask[0]=11111111011111110111111111111111, sa_flags=SA_RESTART|SA_SIGINFO
SIGPIPE: [libjvm.dylib+0x45b030], sa_mask[0]=11111111011111110111111111111111, sa_flags=SA_RESTART|SA_SIGINFO
SIGXFSZ: [libjvm.dylib+0x45b030], sa_mask[0]=11111111011111110111111111111111, sa_flags=SA_RESTART|SA_SIGINFO
SIGILL: [libjvm.dylib+0x45b030], sa_mask[0]=11111111011111110111111111111111, sa_flags=SA_RESTART|SA_SIGINFO
SIGUSR1: SIG_DFL, sa_mask[0]=00000000000000000000000000000000, sa_flags=none
SIGUSR2: [libjvm.dylib+0x45ab4e], sa_mask[0]=00100000000000000000000000000000, sa_flags=SA_RESTART|SA_SIGINFO
SIGHUP: [libjvm.dylib+0x459121], sa_mask[0]=11111111011111110111111111111111, sa_flags=SA_RESTART|SA_SIGINFO
SIGINT: [libjvm.dylib+0x459121], sa_mask[0]=11111111011111110111111111111111, sa_flags=SA_RESTART|SA_SIGINFO
SIGTERM: [libjvm.dylib+0x459121], sa_mask[0]=11111111011111110111111111111111, sa_flags=SA_RESTART|SA_SIGINFO
SIGQUIT: [libjvm.dylib+0x459121], sa_mask[0]=11111111011111110111111111111111, sa_flags=SA_RESTART|SA_SIGINFO


---------------  S Y S T E M  ---------------

OS:Bsduname:Darwin 14.5.0 Darwin Kernel Version 14.5.0: Tue Sep  1 21:23:09 PDT 2015; root:xnu-2782.50.1~1/RELEASE_X86_64 x86_64
rlimit: STACK 8192k, CORE 0k, NPROC 709, NOFILE 10240, AS infinity
load average:2.21 2.08 2.04

CPU:total 8 (4 cores per cpu, 2 threads per core) family 6 model 70 stepping 1, cmov, cx8, fxsr, mmx, sse, sse2, sse3, ssse3, sse4.1, sse4.2, popcnt, avx, avx2, aes, clmul, erms, rtm, lzcnt, ht, tsc, tscinvbit, bmi1, bmi2

Memory: 4k page, physical 16777216k(237096k free)

/proc/meminfo:


vm_info: Java HotSpot(TM) 64-Bit Server VM (25.25-b02) for bsd-amd64 JRE (1.8.0_25-b17), built on Sep 17 2014 16:56:50 by "java_re" with gcc 4.2.1 (Based on Apple Inc. build 5658) (LLVM build 2336.11.00)

time: Thu Mar 10 08:25:55 2016
elapsed time: 2183 seconds (0d 0h 36m 23s)

