#
# A fatal error has been detected by the Java Runtime Environment:
#
#  SIGSEGV (0xb) at pc=0x000000013c65c4cc, pid=36232, tid=54279
#
# JRE version: Java(TM) SE Runtime Environment (8.0_25-b17) (build 1.8.0_25-b17)
# Java VM: Java HotSpot(TM) 64-Bit Server VM (25.25-b02 mixed mode bsd-amd64 compressed oops)
# Problematic frame:
# C  [libawt_lwawt.dylib+0x1b4cc]  OGLSD_SetScratchSurface+0x33
#
# Failed to write core dump. Core dumps have been disabled. To enable core dumping, try "ulimit -c unlimited" before starting Java again
#
# If you would like to submit a bug report, please visit:
#   http://bugreport.sun.com/bugreport/crash.jsp
# The crash happened outside the Java Virtual Machine in native code.
# See problematic frame for where to report the bug.
#

---------------  T H R E A D  ---------------

Current thread (0x00007f8473961000):  JavaThread "Java2D Queue Flusher" daemon [_thread_in_native, id=54279, stack(0x0000700001af4000,0x0000700001bf4000)]

siginfo: si_signo: 11 (SIGSEGV), si_code: 1 (SEGV_MAPERR), si_addr: 0x0000000000000002

Registers:
RAX=0x00000000ffffffff, RBX=0x00007f84739611e8, RCX=0x0000000000000047, RDX=0x000000013c67cad0
RSP=0x0000700001bf37b0, RBP=0x0000700001bf37d0, RSI=0x00007f8472b32380, RDI=0x00007f84739611e8
R8 =0x00000000fffffffc, R9 =0x00007f847156ee40, R10=0x000000010e0eca78, R11=0x000000009a4fd005
R12=0x0000000000000000, R13=0x0000700001bf38e0, R14=0x0000000000000002, R15=0x00007f8473961000
RIP=0x000000013c65c4cc, EFLAGS=0x0000000000010202, ERR=0x0000000000000004
  TRAPNO=0x000000000000000e

Top of Stack: (sp=0x0000700001bf37b0)
0x0000700001bf37b0:   00007f8472b32380 0000000000000000
0x0000700001bf37c0:   00007f8473959210 00007f8473961000
0x0000700001bf37d0:   0000700001bf3850 000000013c67c5ae
0x0000700001bf37e0:   0000000000000064 0000000000000000
0x0000700001bf37f0:   0000000000000064 00007f8472a3e108
0x0000700001bf3800:   0000700001bf3860 000000010cf2bf53
0x0000700001bf3810:   00007f8400000005 00007f8473959220
0x0000700001bf3820:   0000000000000001 00007f84739611e8
0x0000700001bf3830:   00000001389b9720 0000000000000000
0x0000700001bf3840:   0000700001bf3960 00007f8473961000
0x0000700001bf3850:   0000700001bf38a0 000000010e0ecaea
0x0000700001bf3860:   00000004d27e8010 000000010df4e1e8
0x0000700001bf3870:   00000004d27e80e8 000000010df62166
0x0000700001bf3880:   00000004d27e80e8 00000000d1a53a00
0x0000700001bf3890:   00000006d2720b08 0000000138a5ff2c
0x0000700001bf38a0:   00000004d27e8010 000000010dc3f270
0x0000700001bf38b0:   0000700001bf3938 000000010db2398d
0x0000700001bf38c0:   0000700001bf3938 000000010db2398d
0x0000700001bf38d0:   0000000000000064 000000010db2398d
0x0000700001bf38e0:   00000004d27e8010 0000000000000001
0x0000700001bf38f0:   00000004d27e80e8 0000700001bf38e8
0x0000700001bf3900:   00000001389bcf49 0000700001bf3960
0x0000700001bf3910:   00000001389bd430 0000000147e3f670
0x0000700001bf3920:   00000001389bd050 0000700001bf38e0
0x0000700001bf3930:   0000700001bf3960 0000700001bf39d0
0x0000700001bf3940:   000000010db1c4e7 0000000000000000
0x0000700001bf3950:   0000000000000000 deaddeaf00000000
0x0000700001bf3960:   00000004d27e80e8 00000004d2a8aec8
0x0000700001bf3970:   0000700000001fa0 000000000000000a
0x0000700001bf3980:   00007f8473961000 0000000000000001
0x0000700001bf3990:   000000010db1c45f 00000001389bd050
0x0000700001bf39a0:   0000700001bf3a68 0000700001bf3d00 

Instructions: (pc=0x000000013c65c4cc)
0x000000013c65c4ac:   00 00 48 8d 15 40 72 03 00 30 c0 be 01 00 00 00
0x000000013c65c4bc:   e8 1b 9b 02 00 31 c0 eb 6d 48 89 fb 4c 8b 76 10
0x000000013c65c4cc:   4d 8b 3e 30 c0 e8 f8 9f 02 00 49 8b 3f 49 89 c4
0x000000013c65c4dc:   48 8b 35 3d f0 05 00 30 c0 e8 1c a1 02 00 48 85 

Register to memory mapping:

RAX=0x00000000ffffffff is an unknown value
RBX=0x00007f84739611e8 is an unknown value
RCX=0x0000000000000047 is an unknown value
RDX=0x000000013c67cad0: Java_sun_java2d_opengl_OGLRenderQueue_flushBuffer+0xb5c in /Library/Java/JavaVirtualMachines/jdk1.8.0_25.jdk/Contents/Home/jre/lib/libawt_lwawt.dylib at 0x000000013c641000
RSP=0x0000700001bf37b0 is pointing into the stack for thread: 0x00007f8473961000
RBP=0x0000700001bf37d0 is pointing into the stack for thread: 0x00007f8473961000
RSI=0x00007f8472b32380 is an unknown value
RDI=0x00007f84739611e8 is an unknown value
R8 =0x00000000fffffffc is an unknown value
R9 =0x00007f847156ee40 is an unknown value
R10=0x000000010e0eca78 is at entry_point+56 in (nmethod*)0x000000010e0ec8d0
R11=0x000000009a4fd005 is an unknown value
R12=0x0000000000000000 is an unknown value
R13=0x0000700001bf38e0 is pointing into the stack for thread: 0x00007f8473961000
R14=0x0000000000000002 is an unknown value
R15=0x00007f8473961000 is a thread


Stack: [0x0000700001af4000,0x0000700001bf4000],  sp=0x0000700001bf37b0,  free space=1021k
Native frames: (J=compiled Java code, j=interpreted, Vv=VM code, C=native code)
C  [libawt_lwawt.dylib+0x1b4cc]  OGLSD_SetScratchSurface+0x33
C  [libawt_lwawt.dylib+0x3b5ae]  Java_sun_java2d_opengl_OGLRenderQueue_flushBuffer+0x63a
J 1800  sun.java2d.opengl.OGLRenderQueue.flushBuffer(JI)V (0 bytes) @ 0x000000010e0ecaea [0x000000010e0eca40+0xaa]
J 3976 C2 sun.java2d.opengl.OGLRenderQueue.access$100(Lsun/java2d/opengl/OGLRenderQueue;)V (5 bytes) @ 0x000000010dc3f270 [0x000000010dc3f240+0x30]

Java frames: (J=compiled Java code, j=interpreted, Vv=VM code)
J 1800  sun.java2d.opengl.OGLRenderQueue.flushBuffer(JI)V (0 bytes) @ 0x000000010e0eca78 [0x000000010e0eca40+0x38]
J 3976 C2 sun.java2d.opengl.OGLRenderQueue.access$100(Lsun/java2d/opengl/OGLRenderQueue;)V (5 bytes) @ 0x000000010dc3f270 [0x000000010dc3f240+0x30]
j  sun.java2d.opengl.OGLRenderQueue$QueueFlusher.run()V+81
v  ~StubRoutines::call_stub

---------------  P R O C E S S  ---------------

Java Threads: ( => current thread )
  0x00007f847335d000 JavaThread "Java Sound Event Dispatcher" daemon [_thread_blocked, id=79291, stack(0x0000700001e80000,0x0000700001f80000)]
  0x00007f84721c1000 JavaThread "H2 Log Writer FURCATUSVOCS" daemon [_thread_blocked, id=37639, stack(0x00007000017e2000,0x00007000018e2000)]
  0x00007f8473299000 JavaThread "H2 File Lock Watchdog /Users/Rob/Desktop/furcatusvocs.luscdb/furcatusvocs.lock.db" daemon [_thread_blocked, id=36483, stack(0x00007000016df000,0x00007000017df000)]
  0x00007f8472164000 JavaThread "TimerQueue" daemon [_thread_blocked, id=60171, stack(0x0000700001cfa000,0x0000700001dfa000)]
  0x00007f84731bd000 JavaThread "Java2D Disposer" daemon [_thread_blocked, id=58379, stack(0x0000700001bf7000,0x0000700001cf7000)]
=>0x00007f8473961000 JavaThread "Java2D Queue Flusher" daemon [_thread_in_native, id=54279, stack(0x0000700001af4000,0x0000700001bf4000)]
  0x00007f847484f800 JavaThread "DestroyJavaVM" [_thread_blocked, id=5891, stack(0x000070000011a000,0x000070000021a000)]
  0x00007f84718e7000 JavaThread "AWT-EventQueue-0" [_thread_blocked, id=47163, stack(0x00007000019f1000,0x0000700001af1000)]
  0x00007f8471849800 JavaThread "AWT-Shutdown" [_thread_blocked, id=31507, stack(0x00007000015dc000,0x00007000016dc000)]
  0x00007f84730fb800 JavaThread "AppKit Thread" daemon [_thread_in_native, id=2571, stack(0x00007fff53c09000,0x00007fff54409000)]
  0x00007f847202d000 JavaThread "Service Thread" daemon [_thread_blocked, id=20995, stack(0x00007000012d0000,0x00007000013d0000)]
  0x00007f8471824000 JavaThread "C1 CompilerThread3" daemon [_thread_blocked, id=20483, stack(0x00007000011cd000,0x00007000012cd000)]
  0x00007f8471823000 JavaThread "C2 CompilerThread2" daemon [_thread_blocked, id=19971, stack(0x00007000010ca000,0x00007000011ca000)]
  0x00007f8473808000 JavaThread "C2 CompilerThread1" daemon [_thread_blocked, id=19459, stack(0x0000700000fc7000,0x00007000010c7000)]
  0x00007f8471822000 JavaThread "C2 CompilerThread0" daemon [_thread_in_native, id=18947, stack(0x0000700000ec4000,0x0000700000fc4000)]
  0x00007f847181e800 JavaThread "Signal Dispatcher" daemon [_thread_blocked, id=14863, stack(0x0000700000dc1000,0x0000700000ec1000)]
  0x00007f8471819000 JavaThread "Finalizer" daemon [_thread_blocked, id=14339, stack(0x0000700000c3b000,0x0000700000d3b000)]
  0x00007f8471818800 JavaThread "Reference Handler" daemon [_thread_blocked, id=13827, stack(0x0000700000b38000,0x0000700000c38000)]

Other Threads:
  0x00007f8471814000 VMThread [stack: 0x0000700000a35000,0x0000700000b35000] [id=13315]
  0x00007f8472038800 WatcherThread [stack: 0x00007000013d3000,0x00007000014d3000] [id=21507]

VM state:not at safepoint (normal execution)

VM Mutex/Monitor currently owned by a thread: None

Heap:
 PSYoungGen      total 214528K, used 18420K [0x00000006c6000000, 0x00000006d7f80000, 0x00000007c0000000)
  eden space 203776K, 3% used [0x00000006c6000000,0x00000006c67f4850,0x00000006d2700000)
  from space 10752K, 95% used [0x00000006d7500000,0x00000006d7f088b0,0x00000006d7f80000)
  to   space 31744K, 0% used [0x00000006d4180000,0x00000006d4180000,0x00000006d6080000)
 ParOldGen       total 195584K, used 168345K [0x00000004d2000000, 0x00000004ddf00000, 0x00000006c6000000)
  object space 195584K, 86% used [0x00000004d2000000,0x00000004dc466660,0x00000004ddf00000)
 Metaspace       used 23624K, capacity 23928K, committed 24240K, reserved 1071104K
  class space    used 2657K, capacity 2736K, committed 2736K, reserved 1048576K

Card table byte_map: [0x000000011cedc000,0x000000011e64d000] byte_map_base: 0x000000011a84c000

Marking Bits: (ParMarkBitMap*) 0x000000010d49d390
 Begin Bits: [0x000000011f5ed000, 0x000000012b16d000)
 End Bits:   [0x000000012b16d000, 0x0000000136ced000)

Polling page: 0x000000010bab8000

CodeCache: size=245760Kb used=19484Kb max_used=19495Kb free=226275Kb
 bounds [0x000000010db1c000, 0x000000010ee5c000, 0x000000011cb1c000]
 total_blobs=5671 nmethods=5051 adapters=531
 compilation: enabled

Compilation events (10 events):
Event: 34740.423 Thread 0x00007f8473808000 nmethod 6307 0x000000010e5a6d50 code [0x000000010e5a6ec0, 0x000000010e5a7048]
Event: 34740.462 Thread 0x00007f8471823000 6308       4       javax.swing.plaf.ComponentUI::update (36 bytes)
Event: 34740.480 Thread 0x00007f8471823000 nmethod 6308 0x000000010edf1410 code [0x000000010edf15e0, 0x000000010edf1b68]
Event: 34740.538 Thread 0x00007f8471824000 6309       3       org.h2.index.PageBtreeLeaf::nextPage (39 bytes)
Event: 34740.539 Thread 0x00007f8471824000 nmethod 6309 0x000000010e686bd0 code [0x000000010e686d60, 0x000000010e687198]
Event: 34761.480 Thread 0x00007f8471824000 6310       3       sun.awt.NullComponentPeer::updateGraphicsData (2 bytes)
Event: 34761.480 Thread 0x00007f8471824000 nmethod 6310 0x000000010df056d0 code [0x000000010df05820, 0x000000010df05970]
Event: 34761.492 Thread 0x00007f8473808000 6311       4       apple.laf.JRSUIState::hashCode (22 bytes)
Event: 34761.493 Thread 0x00007f8473808000 nmethod 6311 0x000000010e222290 code [0x000000010e2223e0, 0x000000010e2224a8]
Event: 34761.602 Thread 0x00007f8471822000 6312       4       com.apple.laf.AquaPainter::paint (50 bytes)

GC Heap History (10 events):
Event: 34739.925 GC heap before
{Heap before GC invocations=78 (full 8):
 PSYoungGen      total 189440K, used 157728K [0x00000006c6000000, 0x00000006d5580000, 0x00000007c0000000)
  eden space 154624K, 100% used [0x00000006c6000000,0x00000006cf700000,0x00000006cf700000)
  from space 34816K, 8% used [0x00000006cf700000,0x00000006cfa083b8,0x00000006d1900000)
  to   space 33280K, 0% used [0x00000006d3500000,0x00000006d3500000,0x00000006d5580000)
 ParOldGen       total 195584K, used 163140K [0x00000004d2000000, 0x00000004ddf00000, 0x00000006c6000000)
  object space 195584K, 83% used [0x00000004d2000000,0x00000004dbf512b0,0x00000004ddf00000)
 Metaspace       used 23623K, capacity 23928K, committed 24240K, reserved 1071104K
  class space    used 2657K, capacity 2736K, committed 2736K, reserved 1048576K
Event: 34739.946 GC heap after
Heap after GC invocations=78 (full 8):
 PSYoungGen      total 211456K, used 33195K [0x00000006c6000000, 0x00000006d6200000, 0x00000007c0000000)
  eden space 178176K, 0% used [0x00000006c6000000,0x00000006c6000000,0x00000006d0e00000)
  from space 33280K, 99% used [0x00000006d3500000,0x00000006d556ac48,0x00000006d5580000)
  to   space 39936K, 0% used [0x00000006d0e00000,0x00000006d0e00000,0x00000006d3500000)
 ParOldGen       total 195584K, used 167661K [0x00000004d2000000, 0x00000004ddf00000, 0x00000006c6000000)
  object space 195584K, 85% used [0x00000004d2000000,0x00000004dc3bb620,0x00000004ddf00000)
 Metaspace       used 23623K, capacity 23928K, committed 24240K, reserved 1071104K
  class space    used 2657K, capacity 2736K, committed 2736K, reserved 1048576K
}
Event: 34740.261 GC heap before
{Heap before GC invocations=79 (full 8):
 PSYoungGen      total 211456K, used 206094K [0x00000006c6000000, 0x00000006d6200000, 0x00000007c0000000)
  eden space 178176K, 97% used [0x00000006c6000000,0x00000006d08d8d68,0x00000006d0e00000)
  from space 33280K, 99% used [0x00000006d3500000,0x00000006d556ac48,0x00000006d5580000)
  to   space 39936K, 0% used [0x00000006d0e00000,0x00000006d0e00000,0x00000006d3500000)
 ParOldGen       total 195584K, used 167661K [0x00000004d2000000, 0x00000004ddf00000, 0x00000006c6000000)
  object space 195584K, 85% used [0x00000004d2000000,0x00000004dc3bb620,0x00000004ddf00000)
 Metaspace       used 23623K, capacity 23928K, committed 24240K, reserved 1071104K
  class space    used 2657K, capacity 2736K, committed 2736K, reserved 1048576K
Event: 34740.263 GC heap after
Heap after GC invocations=79 (full 8):
 PSYoungGen      total 218112K, used 6803K [0x00000006c6000000, 0x00000006d7900000, 0x00000007c0000000)
  eden space 178176K, 0% used [0x00000006c6000000,0x00000006c6000000,0x00000006d0e00000)
  from space 39936K, 17% used [0x00000006d0e00000,0x00000006d14a4c80,0x00000006d3500000)
  to   space 37888K, 0% used [0x00000006d5400000,0x00000006d5400000,0x00000006d7900000)
 ParOldGen       total 195584K, used 168053K [0x00000004d2000000, 0x00000004ddf00000, 0x00000006c6000000)
  object space 195584K, 85% used [0x00000004d2000000,0x00000004dc41d550,0x00000004ddf00000)
 Metaspace       used 23623K, capacity 23928K, committed 24240K, reserved 1071104K
  class space    used 2657K, capacity 2736K, committed 2736K, reserved 1048576K
}
Event: 34740.539 GC heap before
{Heap before GC invocations=80 (full 8):
 PSYoungGen      total 218112K, used 184979K [0x00000006c6000000, 0x00000006d7900000, 0x00000007c0000000)
  eden space 178176K, 100% used [0x00000006c6000000,0x00000006d0e00000,0x00000006d0e00000)
  from space 39936K, 17% used [0x00000006d0e00000,0x00000006d14a4c80,0x00000006d3500000)
  to   space 37888K, 0% used [0x00000006d5400000,0x00000006d5400000,0x00000006d7900000)
 ParOldGen       total 195584K, used 168053K [0x00000004d2000000, 0x00000004ddf00000, 0x00000006c6000000)
  object space 195584K, 85% used [0x00000004d2000000,0x00000004dc41d550,0x00000004ddf00000)
 Metaspace       used 23624K, capacity 23928K, committed 24240K, reserved 1071104K
  class space    used 2657K, capacity 2736K, committed 2736K, reserved 1048576K
Event: 34740.541 GC heap after
Heap after GC invocations=80 (full 8):
 PSYoungGen      total 245760K, used 3042K [0x00000006c6000000, 0x00000006d7580000, 0x00000007c0000000)
  eden space 211456K, 0% used [0x00000006c6000000,0x00000006c6000000,0x00000006d2e80000)
  from space 34304K, 8% used [0x00000006d5400000,0x00000006d56f8978,0x00000006d7580000)
  to   space 36352K, 0% used [0x00000006d2e80000,0x00000006d2e80000,0x00000006d5200000)
 ParOldGen       total 195584K, used 168257K [0x00000004d2000000, 0x00000004ddf00000, 0x00000006c6000000)
  object space 195584K, 86% used [0x00000004d2000000,0x00000004dc450660,0x00000004ddf00000)
 Metaspace       used 23624K, capacity 23928K, committed 24240K, reserved 1071104K
  class space    used 2657K, capacity 2736K, committed 2736K, reserved 1048576K
}
Event: 34754.737 GC heap before
{Heap before GC invocations=81 (full 8):
 PSYoungGen      total 245760K, used 210619K [0x00000006c6000000, 0x00000006d7580000, 0x00000007c0000000)
  eden space 211456K, 98% used [0x00000006c6000000,0x00000006d2ab6660,0x00000006d2e80000)
  from space 34304K, 8% used [0x00000006d5400000,0x00000006d56f8978,0x00000006d7580000)
  to   space 36352K, 0% used [0x00000006d2e80000,0x00000006d2e80000,0x00000006d5200000)
 ParOldGen       total 195584K, used 168257K [0x00000004d2000000, 0x00000004ddf00000, 0x00000006c6000000)
  object space 195584K, 86% used [0x00000004d2000000,0x00000004dc450660,0x00000004ddf00000)
 Metaspace       used 23624K, capacity 23928K, committed 24240K, reserved 1071104K
  class space    used 2657K, capacity 2736K, committed 2736K, reserved 1048576K
Event: 34754.741 GC heap after
Heap after GC invocations=81 (full 8):
 PSYoungGen      total 247808K, used 9562K [0x00000006c6000000, 0x00000006d9600000, 0x00000007c0000000)
  eden space 211456K, 0% used [0x00000006c6000000,0x00000006c6000000,0x00000006d2e80000)
  from space 36352K, 26% used [0x00000006d2e80000,0x00000006d37d6aa0,0x00000006d5200000)
  to   space 33792K, 0% used [0x00000006d7500000,0x00000006d7500000,0x00000006d9600000)
 ParOldGen       total 195584K, used 168281K [0x00000004d2000000, 0x00000004ddf00000, 0x00000006c6000000)
  object space 195584K, 86% used [0x00000004d2000000,0x00000004dc456660,0x00000004ddf00000)
 Metaspace       used 23624K, capacity 23928K, committed 24240K, reserved 1071104K
  class space    used 2657K, capacity 2736K, committed 2736K, reserved 1048576K
}
Event: 34761.677 GC heap before
{Heap before GC invocations=82 (full 8):
 PSYoungGen      total 247808K, used 221018K [0x00000006c6000000, 0x00000006d9600000, 0x00000007c0000000)
  eden space 211456K, 100% used [0x00000006c6000000,0x00000006d2e80000,0x00000006d2e80000)
  from space 36352K, 26% used [0x00000006d2e80000,0x00000006d37d6aa0,0x00000006d5200000)
  to   space 33792K, 0% used [0x00000006d7500000,0x00000006d7500000,0x00000006d9600000)
 ParOldGen       total 195584K, used 168281K [0x00000004d2000000, 0x00000004ddf00000, 0x00000006c6000000)
  object space 195584K, 86% used [0x00000004d2000000,0x00000004dc456660,0x00000004ddf00000)
 Metaspace       used 23624K, capacity 23928K, committed 24240K, reserved 1071104K
  class space    used 2657K, capacity 2736K, committed 2736K, reserved 1048576K
Event: 34761.694 GC heap after
Heap after GC invocations=82 (full 8):
 PSYoungGen      total 214528K, used 10274K [0x00000006c6000000, 0x00000006d7f80000, 0x00000007c0000000)
  eden space 203776K, 0% used [0x00000006c6000000,0x00000006c6000000,0x00000006d2700000)
  from space 10752K, 95% used [0x00000006d7500000,0x00000006d7f088b0,0x00000006d7f80000)
  to   space 31744K, 0% used [0x00000006d4180000,0x00000006d4180000,0x00000006d6080000)
 ParOldGen       total 195584K, used 168345K [0x00000004d2000000, 0x00000004ddf00000, 0x00000006c6000000)
  object space 195584K, 86% used [0x00000004d2000000,0x00000004dc466660,0x00000004ddf00000)
 Metaspace       used 23624K, capacity 23928K, committed 24240K, reserved 1071104K
  class space    used 2657K, capacity 2736K, committed 2736K, reserved 1048576K
}

Deoptimization events (10 events):
Event: 13319.673 Thread 0x00007f84718e7000 Uncommon trap: reason=class_check action=maybe_recompile pc=0x000000010e9364c8 method=sun.java2d.pipe.DrawImage.copyImage(Lsun/java2d/SunGraphics2D;Ljava/awt/Image;IILjava/awt/Color;)Z @ 2
Event: 21530.118 Thread 0x00007f84730fb800 Uncommon trap: reason=class_check action=maybe_recompile pc=0x000000010e7aaa38 method=java.util.HashMap.removeNode(ILjava/lang/Object;Ljava/lang/Object;ZZ)Ljava/util/HashMap$Node; @ 68
Event: 21530.335 Thread 0x00007f8473961000 Uncommon trap: reason=class_check action=maybe_recompile pc=0x000000010eacd660 method=sun.java2d.opengl.OGLRenderQueue$QueueFlusher.run()V @ 95
Event: 21530.638 Thread 0x00007f84718e7000 Uncommon trap: reason=unreached action=reinterpret pc=0x000000010e1a6e10 method=sun.java2d.loops.MaskFill.getFromCache(Lsun/java2d/loops/SurfaceType;Lsun/java2d/loops/CompositeType;Lsun/java2d/loops/SurfaceType;)Lsun/java2d/loops/MaskFill; @ 11
Event: 21530.653 Thread 0x00007f84718e7000 Uncommon trap: reason=bimorphic action=maybe_recompile pc=0x000000010e936768 method=sun.java2d.SunGraphics2D.drawImage(Ljava/awt/Image;IILjava/awt/Color;Ljava/awt/image/ImageObserver;)Z @ 66
Event: 34705.901 Thread 0x00007f84718e7000 Uncommon trap: reason=unloaded action=reinterpret pc=0x000000010e37f6ac method=sun.java2d.pipe.BufferedContext.validate(Lsun/java2d/pipe/hw/AccelSurface;Lsun/java2d/pipe/hw/AccelSurface;Lsun/java2d/pipe/Region;Ljava/awt/Composite;Ljava/awt/geom/AffineTran
Event: 34713.434 Thread 0x00007f84718e7000 Uncommon trap: reason=unreached action=reinterpret pc=0x000000010eac2528 method=java.util.LinkedHashMap.afterNodeAccess(Ljava/util/HashMap$Node;)V @ 41
Event: 34724.277 Thread 0x00007f8473961000 Uncommon trap: reason=class_check action=maybe_recompile pc=0x000000010eacd660 method=sun.java2d.opengl.OGLRenderQueue$QueueFlusher.run()V @ 95
Event: 34761.222 Thread 0x00007f8473961000 Uncommon trap: reason=class_check action=maybe_recompile pc=0x000000010eacd660 method=sun.java2d.opengl.OGLRenderQueue$QueueFlusher.run()V @ 95
Event: 34761.224 Thread 0x00007f84730fb800 Uncommon trap: reason=null_check action=make_not_entrant pc=0x000000010e72b370 method=java.awt.geom.AffineTransform.equals(Ljava/lang/Object;)Z @ 1

Internal exceptions (10 events):
Event: 298.074 Thread 0x00007f84718e7000 Implicit null exception at 0x000000010e416f73 to 0x000000010e417555
Event: 298.075 Thread 0x00007f84718e7000 Implicit null exception at 0x000000010dcb2b14 to 0x000000010dcb2d8d
Event: 298.165 Thread 0x00007f84718e7000 Exception <a 'java/security/PrivilegedActionException'> (0x00000006dd62cad0) thrown at [/HUDSON3/workspace/8-2-build-macosx-x86_64/jdk8u25/1514/hotspot/src/share/vm/prims/jvm.cpp, line 1312]
Event: 306.259 Thread 0x00007f84718e7000 Implicit null exception at 0x000000010e2f282b to 0x000000010e2f29f5
Event: 783.641 Thread 0x00007f84718e7000 Implicit null exception at 0x000000010ec8aa8b to 0x000000010ec8ca19
Event: 909.856 Thread 0x00007f84718e7000 Exception <a 'java/security/PrivilegedActionException'> (0x00000006c8bc6708) thrown at [/HUDSON3/workspace/8-2-build-macosx-x86_64/jdk8u25/1514/hotspot/src/share/vm/prims/jvm.cpp, line 1312]
Event: 1254.206 Thread 0x00007f84718e7000 Implicit null exception at 0x000000010e1da8e5 to 0x000000010e1dcf4d
Event: 13315.281 Thread 0x00007f84730fb800 Implicit null exception at 0x000000010e7b5758 to 0x000000010e7b60bd
Event: 34713.427 Thread 0x00007f84718e7000 Implicit null exception at 0x000000010eac1d6e to 0x000000010eac24fd
Event: 34761.224 Thread 0x00007f84730fb800 Implicit null exception at 0x000000010e72b2cc to 0x000000010e72b361

Events (10 events):
Event: 34754.737 Executing VM operation: ParallelGCFailedAllocation
Event: 34754.741 Executing VM operation: ParallelGCFailedAllocation done
Event: 34761.222 Thread 0x00007f8473961000 Uncommon trap: trap_request=0xffffffde fr.pc=0x000000010eacd660
Event: 34761.222 Thread 0x00007f8473961000 DEOPT PACKING pc=0x000000010eacd660 sp=0x0000700001bf3900
Event: 34761.222 Thread 0x00007f8473961000 DEOPT UNPACKING pc=0x000000010db20f69 sp=0x0000700001bf38d0 mode 2
Event: 34761.224 Thread 0x00007f84730fb800 Uncommon trap: trap_request=0xfffffff4 fr.pc=0x000000010e72b370
Event: 34761.224 Thread 0x00007f84730fb800 DEOPT PACKING pc=0x000000010e72b370 sp=0x00007fff54402e00
Event: 34761.224 Thread 0x00007f84730fb800 DEOPT UNPACKING pc=0x000000010db20f69 sp=0x00007fff54402db0 mode 2
Event: 34761.677 Executing VM operation: ParallelGCFailedAllocation
Event: 34761.694 Executing VM operation: ParallelGCFailedAllocation done


Dynamic libraries:
0x0000000006218000 	/System/Library/Frameworks/Cocoa.framework/Versions/A/Cocoa
0x0000000006218000 	/System/Library/Frameworks/Security.framework/Versions/A/Security
0x0000000006218000 	/System/Library/Frameworks/ApplicationServices.framework/Versions/A/ApplicationServices
0x0000000006218000 	/usr/lib/libz.1.dylib
0x0000000006218000 	/usr/lib/libSystem.B.dylib
0x0000000006218000 	/usr/lib/libobjc.A.dylib
0x0000000006218000 	/System/Library/Frameworks/CoreFoundation.framework/Versions/A/CoreFoundation
0x0000000006218000 	/System/Library/Frameworks/Foundation.framework/Versions/C/Foundation
0x0000000006218000 	/System/Library/Frameworks/AppKit.framework/Versions/C/AppKit
0x0000000006218000 	/System/Library/Frameworks/CoreData.framework/Versions/A/CoreData
0x0000000006218000 	/System/Library/PrivateFrameworks/RemoteViewServices.framework/Versions/A/RemoteViewServices
0x0000000006218000 	/System/Library/PrivateFrameworks/UIFoundation.framework/Versions/A/UIFoundation
0x0000000006218000 	/usr/lib/libScreenReader.dylib
0x0000000006218000 	/System/Library/Frameworks/Accelerate.framework/Versions/A/Accelerate
0x0000000006218000 	/System/Library/Frameworks/IOSurface.framework/Versions/A/IOSurface
0x0000000006218000 	/System/Library/Frameworks/AudioToolbox.framework/Versions/A/AudioToolbox
0x0000000006218000 	/System/Library/Frameworks/AudioUnit.framework/Versions/A/AudioUnit
0x0000000006218000 	/System/Library/PrivateFrameworks/DataDetectorsCore.framework/Versions/A/DataDetectorsCore
0x0000000006218000 	/System/Library/PrivateFrameworks/DesktopServicesPriv.framework/Versions/A/DesktopServicesPriv
0x0000000006218000 	/System/Library/Frameworks/Carbon.framework/Versions/A/Frameworks/HIToolbox.framework/Versions/A/HIToolbox
0x0000000006218000 	/System/Library/Frameworks/QuartzCore.framework/Versions/A/QuartzCore
0x0000000006218000 	/System/Library/Frameworks/Carbon.framework/Versions/A/Frameworks/SpeechRecognition.framework/Versions/A/SpeechRecognition
0x0000000006218000 	/usr/lib/libauto.dylib
0x0000000006218000 	/usr/lib/libicucore.A.dylib
0x0000000006218000 	/usr/lib/libxml2.2.dylib
0x0000000006218000 	/System/Library/PrivateFrameworks/CoreUI.framework/Versions/A/CoreUI
0x0000000006218000 	/System/Library/Frameworks/CoreAudio.framework/Versions/A/CoreAudio
0x0000000006218000 	/System/Library/Frameworks/DiskArbitration.framework/Versions/A/DiskArbitration
0x0000000006218000 	/usr/lib/liblangid.dylib
0x0000000006218000 	/System/Library/PrivateFrameworks/MultitouchSupport.framework/Versions/A/MultitouchSupport
0x0000000006218000 	/System/Library/Frameworks/IOKit.framework/Versions/A/IOKit
0x0000000006218000 	/usr/lib/libDiagnosticMessagesClient.dylib
0x0000000006218000 	/System/Library/Frameworks/CoreServices.framework/Versions/A/CoreServices
0x0000000006218000 	/System/Library/PrivateFrameworks/PerformanceAnalysis.framework/Versions/A/PerformanceAnalysis
0x0000000006218000 	/System/Library/PrivateFrameworks/GenerationalStorage.framework/Versions/A/GenerationalStorage
0x0000000006218000 	/System/Library/Frameworks/OpenGL.framework/Versions/A/OpenGL
0x0000000006218000 	/System/Library/PrivateFrameworks/Sharing.framework/Versions/A/Sharing
0x0000000006218000 	/System/Library/Frameworks/CoreGraphics.framework/Versions/A/CoreGraphics
0x0000000006218000 	/System/Library/Frameworks/CoreImage.framework/Versions/A/CoreImage
0x0000000006218000 	/System/Library/Frameworks/CoreText.framework/Versions/A/CoreText
0x0000000006218000 	/System/Library/Frameworks/ImageIO.framework/Versions/A/ImageIO
0x0000000006218000 	/System/Library/PrivateFrameworks/Backup.framework/Versions/A/Backup
0x0000000006218000 	/usr/lib/libextension.dylib
0x0000000006218000 	/usr/lib/libarchive.2.dylib
0x0000000006218000 	/System/Library/Frameworks/CFNetwork.framework/Versions/A/CFNetwork
0x0000000006218000 	/System/Library/Frameworks/SystemConfiguration.framework/Versions/A/SystemConfiguration
0x0000000006218000 	/usr/lib/libCRFSuite.dylib
0x0000000006218000 	/usr/lib/libc++.1.dylib
0x0000000006218000 	/usr/lib/libc++abi.dylib
0x0000000006218000 	/usr/lib/system/libcache.dylib
0x0000000006218000 	/usr/lib/system/libcommonCrypto.dylib
0x0000000006218000 	/usr/lib/system/libcompiler_rt.dylib
0x0000000006218000 	/usr/lib/system/libcopyfile.dylib
0x0000000006218000 	/usr/lib/system/libcorecrypto.dylib
0x0000000006218000 	/usr/lib/system/libdispatch.dylib
0x0000000006218000 	/usr/lib/system/libdyld.dylib
0x0000000006218000 	/usr/lib/system/libkeymgr.dylib
0x0000000006218000 	/usr/lib/system/liblaunch.dylib
0x0000000006218000 	/usr/lib/system/libmacho.dylib
0x0000000006218000 	/usr/lib/system/libquarantine.dylib
0x0000000006218000 	/usr/lib/system/libremovefile.dylib
0x0000000006218000 	/usr/lib/system/libsystem_asl.dylib
0x0000000006218000 	/usr/lib/system/libsystem_blocks.dylib
0x0000000006218000 	/usr/lib/system/libsystem_c.dylib
0x0000000006218000 	/usr/lib/system/libsystem_configuration.dylib
0x0000000006218000 	/usr/lib/system/libsystem_coreservices.dylib
0x0000000006218000 	/usr/lib/system/libsystem_coretls.dylib
0x0000000006218000 	/usr/lib/system/libsystem_dnssd.dylib
0x0000000006218000 	/usr/lib/system/libsystem_info.dylib
0x0000000006218000 	/usr/lib/system/libsystem_kernel.dylib
0x0000000006218000 	/usr/lib/system/libsystem_m.dylib
0x0000000006218000 	/usr/lib/system/libsystem_malloc.dylib
0x0000000006218000 	/usr/lib/system/libsystem_network.dylib
0x0000000006218000 	/usr/lib/system/libsystem_networkextension.dylib
0x0000000006218000 	/usr/lib/system/libsystem_notify.dylib
0x0000000006218000 	/usr/lib/system/libsystem_platform.dylib
0x0000000006218000 	/usr/lib/system/libsystem_pthread.dylib
0x0000000006218000 	/usr/lib/system/libsystem_sandbox.dylib
0x0000000006218000 	/usr/lib/system/libsystem_secinit.dylib
0x0000000006218000 	/usr/lib/system/libsystem_trace.dylib
0x0000000006218000 	/usr/lib/system/libunc.dylib
0x0000000006218000 	/usr/lib/system/libunwind.dylib
0x0000000006218000 	/usr/lib/system/libxpc.dylib
0x0000000006218000 	/usr/lib/libenergytrace.dylib
0x0000000006218000 	/usr/lib/libbsm.0.dylib
0x0000000006218000 	/usr/lib/system/libkxld.dylib
0x0000000006218000 	/usr/lib/libxar.1.dylib
0x0000000006218000 	/usr/lib/libsqlite3.dylib
0x0000000006218000 	/usr/lib/libpam.2.dylib
0x0000000006218000 	/usr/lib/libOpenScriptingUtil.dylib
0x0000000006218000 	/usr/lib/libbz2.1.0.dylib
0x0000000006218000 	/usr/lib/liblzma.5.dylib
0x0000000006218000 	/System/Library/Frameworks/CoreServices.framework/Versions/A/Frameworks/FSEvents.framework/Versions/A/FSEvents
0x0000000006218000 	/System/Library/Frameworks/CoreServices.framework/Versions/A/Frameworks/CarbonCore.framework/Versions/A/CarbonCore
0x0000000006218000 	/System/Library/Frameworks/CoreServices.framework/Versions/A/Frameworks/Metadata.framework/Versions/A/Metadata
0x0000000006218000 	/System/Library/Frameworks/CoreServices.framework/Versions/A/Frameworks/OSServices.framework/Versions/A/OSServices
0x0000000006218000 	/System/Library/Frameworks/CoreServices.framework/Versions/A/Frameworks/SearchKit.framework/Versions/A/SearchKit
0x0000000006218000 	/System/Library/Frameworks/CoreServices.framework/Versions/A/Frameworks/AE.framework/Versions/A/AE
0x0000000006218000 	/System/Library/Frameworks/CoreServices.framework/Versions/A/Frameworks/LaunchServices.framework/Versions/A/LaunchServices
0x0000000006218000 	/System/Library/Frameworks/CoreServices.framework/Versions/A/Frameworks/DictionaryServices.framework/Versions/A/DictionaryServices
0x0000000006218000 	/System/Library/Frameworks/CoreServices.framework/Versions/A/Frameworks/SharedFileList.framework/Versions/A/SharedFileList
0x0000000006218000 	/System/Library/Frameworks/NetFS.framework/Versions/A/NetFS
0x0000000006218000 	/System/Library/PrivateFrameworks/NetAuth.framework/Versions/A/NetAuth
0x0000000006218000 	/System/Library/PrivateFrameworks/login.framework/Versions/A/Frameworks/loginsupport.framework/Versions/A/loginsupport
0x0000000006218000 	/System/Library/PrivateFrameworks/TCC.framework/Versions/A/TCC
0x0000000006218000 	/usr/lib/libmecabra.dylib
0x0000000006218000 	/System/Library/Frameworks/ApplicationServices.framework/Versions/A/Frameworks/ATS.framework/Versions/A/ATS
0x0000000006218000 	/System/Library/Frameworks/ApplicationServices.framework/Versions/A/Frameworks/ColorSync.framework/Versions/A/ColorSync
0x0000000006218000 	/System/Library/Frameworks/ApplicationServices.framework/Versions/A/Frameworks/HIServices.framework/Versions/A/HIServices
0x0000000006218000 	/System/Library/Frameworks/ApplicationServices.framework/Versions/A/Frameworks/LangAnalysis.framework/Versions/A/LangAnalysis
0x0000000006218000 	/System/Library/Frameworks/ApplicationServices.framework/Versions/A/Frameworks/PrintCore.framework/Versions/A/PrintCore
0x0000000006218000 	/System/Library/Frameworks/ApplicationServices.framework/Versions/A/Frameworks/QD.framework/Versions/A/QD
0x0000000006218000 	/System/Library/Frameworks/ApplicationServices.framework/Versions/A/Frameworks/SpeechSynthesis.framework/Versions/A/SpeechSynthesis
0x0000000006218000 	/System/Library/Frameworks/Metal.framework/Versions/A/Metal
0x0000000006218000 	/System/Library/Frameworks/Accelerate.framework/Versions/A/Frameworks/vImage.framework/Versions/A/vImage
0x0000000006218000 	/System/Library/Frameworks/Accelerate.framework/Versions/A/Frameworks/vecLib.framework/Versions/A/vecLib
0x0000000006218000 	/System/Library/Frameworks/Accelerate.framework/Versions/A/Frameworks/vecLib.framework/Versions/A/libvDSP.dylib
0x0000000006218000 	/System/Library/Frameworks/Accelerate.framework/Versions/A/Frameworks/vecLib.framework/Versions/A/libvMisc.dylib
0x0000000006218000 	/System/Library/Frameworks/Accelerate.framework/Versions/A/Frameworks/vecLib.framework/Versions/A/libLAPACK.dylib
0x0000000006218000 	/System/Library/Frameworks/Accelerate.framework/Versions/A/Frameworks/vecLib.framework/Versions/A/libBLAS.dylib
0x0000000006218000 	/System/Library/Frameworks/Accelerate.framework/Versions/A/Frameworks/vecLib.framework/Versions/A/libLinearAlgebra.dylib
0x0000000006218000 	/System/Library/Frameworks/Accelerate.framework/Versions/A/Frameworks/vecLib.framework/Versions/A/libSparseBLAS.dylib
0x0000000006218000 	/System/Library/PrivateFrameworks/GPUCompiler.framework/libmetal_timestamp.dylib
0x0000000006218000 	/System/Library/Frameworks/OpenGL.framework/Versions/A/Libraries/libCoreFSCache.dylib
0x0000000006218000 	/System/Library/PrivateFrameworks/IOAccelerator.framework/Versions/A/IOAccelerator
0x0000000006218000 	/System/Library/Frameworks/ApplicationServices.framework/Versions/A/Frameworks/ATS.framework/Versions/A/Resources/libFontParser.dylib
0x0000000006218000 	/System/Library/Frameworks/ApplicationServices.framework/Versions/A/Frameworks/ATS.framework/Versions/A/Resources/libFontRegistry.dylib
0x0000000006218000 	/System/Library/PrivateFrameworks/AppleVPA.framework/Versions/A/AppleVPA
0x0000000006218000 	/System/Library/PrivateFrameworks/AppleJPEG.framework/Versions/A/AppleJPEG
0x0000000006218000 	/System/Library/Frameworks/ImageIO.framework/Versions/A/Resources/libJPEG.dylib
0x0000000006218000 	/System/Library/Frameworks/ImageIO.framework/Versions/A/Resources/libTIFF.dylib
0x0000000006218000 	/System/Library/Frameworks/ImageIO.framework/Versions/A/Resources/libPng.dylib
0x0000000006218000 	/System/Library/Frameworks/ImageIO.framework/Versions/A/Resources/libGIF.dylib
0x0000000006218000 	/System/Library/Frameworks/ImageIO.framework/Versions/A/Resources/libJP2.dylib
0x0000000006218000 	/System/Library/Frameworks/ImageIO.framework/Versions/A/Resources/libRadiance.dylib
0x0000000006218000 	/System/Library/Frameworks/CoreVideo.framework/Versions/A/CoreVideo
0x0000000006218000 	/System/Library/Frameworks/OpenGL.framework/Versions/A/Libraries/libGLU.dylib
0x0000000006218000 	/System/Library/Frameworks/OpenGL.framework/Versions/A/Libraries/libGFXShared.dylib
0x0000000006218000 	/System/Library/Frameworks/OpenGL.framework/Versions/A/Libraries/libGL.dylib
0x0000000006218000 	/System/Library/Frameworks/OpenGL.framework/Versions/A/Libraries/libGLImage.dylib
0x0000000006218000 	/System/Library/Frameworks/OpenGL.framework/Versions/A/Libraries/libCVMSPluginSupport.dylib
0x0000000006218000 	/System/Library/Frameworks/OpenGL.framework/Versions/A/Libraries/libCoreVMClient.dylib
0x0000000006218000 	/usr/lib/libcompression.dylib
0x0000000006218000 	/usr/lib/libcups.2.dylib
0x0000000006218000 	/System/Library/Frameworks/Kerberos.framework/Versions/A/Kerberos
0x0000000006218000 	/System/Library/Frameworks/GSS.framework/Versions/A/GSS
0x0000000006218000 	/usr/lib/libresolv.9.dylib
0x0000000006218000 	/usr/lib/libiconv.2.dylib
0x0000000006218000 	/System/Library/PrivateFrameworks/Heimdal.framework/Versions/A/Heimdal
0x0000000006218000 	/usr/lib/libheimdal-asn1.dylib
0x0000000006218000 	/System/Library/Frameworks/OpenDirectory.framework/Versions/A/OpenDirectory
0x0000000006218000 	/System/Library/PrivateFrameworks/CommonAuth.framework/Versions/A/CommonAuth
0x0000000006218000 	/System/Library/Frameworks/OpenDirectory.framework/Versions/A/Frameworks/CFOpenDirectory.framework/Versions/A/CFOpenDirectory
0x0000000006218000 	/System/Library/Frameworks/SecurityFoundation.framework/Versions/A/SecurityFoundation
0x0000000006218000 	/System/Library/PrivateFrameworks/LanguageModeling.framework/Versions/A/LanguageModeling
0x0000000006218000 	/usr/lib/libmarisa.dylib
0x0000000006218000 	/usr/lib/libChineseTokenizer.dylib
0x0000000006218000 	/usr/lib/libcmph.dylib
0x0000000006218000 	/System/Library/Frameworks/ServiceManagement.framework/Versions/A/ServiceManagement
0x0000000006218000 	/usr/lib/libxslt.1.dylib
0x0000000006218000 	/System/Library/Frameworks/Carbon.framework/Versions/A/Frameworks/Ink.framework/Versions/A/Ink
0x0000000006218000 	/usr/lib/libFosl_dynamic.dylib
0x0000000006218000 	/System/Library/PrivateFrameworks/FaceCore.framework/Versions/A/FaceCore
0x0000000006218000 	/System/Library/Frameworks/OpenCL.framework/Versions/A/OpenCL
0x0000000006218000 	/System/Library/PrivateFrameworks/CrashReporterSupport.framework/Versions/A/CrashReporterSupport
0x0000000006218000 	/System/Library/PrivateFrameworks/IconServices.framework/Versions/A/IconServices
0x0000000006218000 	/System/Library/PrivateFrameworks/Apple80211.framework/Versions/A/Apple80211
0x0000000006218000 	/System/Library/Frameworks/CoreWLAN.framework/Versions/A/CoreWLAN
0x0000000006218000 	/System/Library/Frameworks/IOBluetooth.framework/Versions/A/IOBluetooth
0x0000000006218000 	/System/Library/PrivateFrameworks/CoreWiFi.framework/Versions/A/CoreWiFi
0x0000000006218000 	/System/Library/Frameworks/CoreBluetooth.framework/Versions/A/CoreBluetooth
0x0000000006218000 	/System/Library/PrivateFrameworks/ChunkingLibrary.framework/Versions/A/ChunkingLibrary
0x0000000006218000 	/System/Library/PrivateFrameworks/DebugSymbols.framework/Versions/A/DebugSymbols
0x0000000006218000 	/System/Library/PrivateFrameworks/CoreSymbolication.framework/Versions/A/CoreSymbolication
0x0000000006218000 	/System/Library/PrivateFrameworks/Symbolication.framework/Versions/A/Symbolication
0x0000000006218000 	/System/Library/PrivateFrameworks/SpeechRecognitionCore.framework/Versions/A/SpeechRecognitionCore
0x000000010cc00000 	/Library/Java/JavaVirtualMachines/jdk1.8.0_25.jdk/Contents/Home/jre/lib/server/libjvm.dylib
0x0000000006218000 	/usr/lib/libstdc++.6.dylib
0x000000010ba76000 	/Library/Java/JavaVirtualMachines/jdk1.8.0_25.jdk/Contents/Home/jre/lib/libverify.dylib
0x000000010ba84000 	/Library/Java/JavaVirtualMachines/jdk1.8.0_25.jdk/Contents/Home/jre/lib/libjava.dylib
0x000000010bac2000 	/Library/Java/JavaVirtualMachines/jdk1.8.0_25.jdk/Contents/Home/jre/lib/libzip.dylib
0x000000013ab60000 	/System/Library/Frameworks/JavaVM.framework/Frameworks/JavaRuntimeSupport.framework/JavaRuntimeSupport
0x000000013ab7b000 	/System/Library/Frameworks/JavaVM.framework/Versions/A/Frameworks/JavaNativeFoundation.framework/Versions/A/JavaNativeFoundation
0x000000013ab90000 	/System/Library/Frameworks/JavaVM.framework/Versions/A/JavaVM
0x0000000006218000 	/System/Library/Frameworks/Carbon.framework/Versions/A/Carbon
0x000000013ab9d000 	/System/Library/PrivateFrameworks/JavaLaunching.framework/Versions/A/JavaLaunching
0x0000000006218000 	/System/Library/Frameworks/Carbon.framework/Versions/A/Frameworks/CommonPanels.framework/Versions/A/CommonPanels
0x0000000006218000 	/System/Library/Frameworks/Carbon.framework/Versions/A/Frameworks/Help.framework/Versions/A/Help
0x0000000006218000 	/System/Library/Frameworks/Carbon.framework/Versions/A/Frameworks/ImageCapture.framework/Versions/A/ImageCapture
0x0000000006218000 	/System/Library/Frameworks/Carbon.framework/Versions/A/Frameworks/OpenScripting.framework/Versions/A/OpenScripting
0x0000000006218000 	/System/Library/Frameworks/Carbon.framework/Versions/A/Frameworks/Print.framework/Versions/A/Print
0x0000000006218000 	/System/Library/Frameworks/Carbon.framework/Versions/A/Frameworks/SecurityHI.framework/Versions/A/SecurityHI
0x000000013c4c6000 	/Library/Java/JavaVirtualMachines/jdk1.8.0_25.jdk/Contents/Home/jre/lib/libawt.dylib
0x000000013c575000 	/Library/Java/JavaVirtualMachines/jdk1.8.0_25.jdk/Contents/Home/jre/lib/./libmlib_image.dylib
0x000000013c641000 	/Library/Java/JavaVirtualMachines/jdk1.8.0_25.jdk/Contents/Home/jre/lib/libawt_lwawt.dylib
0x000000013c6f4000 	/Library/Java/JavaVirtualMachines/jdk1.8.0_25.jdk/Contents/Home/jre/lib/./libosxapp.dylib
0x0000000006218000 	/System/Library/Frameworks/ExceptionHandling.framework/Versions/A/ExceptionHandling
0x0000000006218000 	/System/Library/PrivateFrameworks/CoreServicesInternal.framework/Versions/A/CoreServicesInternal
0x000000013d604000 	/System/Library/Frameworks/CoreGraphics.framework/Versions/A/Resources/libRIP.A.dylib
0x0000000006218000 	/System/Library/Frameworks/Accelerate.framework/Versions/A/Frameworks/vImage.framework/Versions/A/Libraries/libCGInterfaces.dylib
0x000000013d96e000 	/System/Library/Frameworks/CoreGraphics.framework/Versions/A/Resources/libCGXType.A.dylib
0x0000000006218000 	/System/Library/Frameworks/OpenCL.framework/Versions/A/Libraries/libcldcpuengine.dylib
0x0000000006218000 	/System/Library/PrivateFrameworks/DiskImages.framework/Versions/A/DiskImages
0x0000000006218000 	/System/Library/Frameworks/DiscRecording.framework/Versions/A/DiscRecording
0x0000000006218000 	/usr/lib/libcsfde.dylib
0x0000000006218000 	/usr/lib/libcurl.4.dylib
0x0000000006218000 	/System/Library/PrivateFrameworks/MediaKit.framework/Versions/A/MediaKit
0x0000000006218000 	/System/Library/PrivateFrameworks/ProtectedCloudStorage.framework/Versions/A/ProtectedCloudStorage
0x0000000006218000 	/usr/lib/libCoreStorage.dylib
0x0000000006218000 	/System/Library/PrivateFrameworks/EFILogin.framework/Versions/A/EFILogin
0x0000000006218000 	/usr/lib/libutil.dylib
0x0000000006218000 	/System/Library/PrivateFrameworks/FindMyDevice.framework/Versions/A/FindMyDevice
0x0000000006218000 	/System/Library/Frameworks/LDAP.framework/Versions/A/LDAP
0x0000000006218000 	/usr/lib/libsasl2.2.dylib
0x0000000006218000 	/System/Library/PrivateFrameworks/CoreDaemon.framework/Versions/B/CoreDaemon
0x0000000006218000 	/usr/lib/libcrypto.0.9.8.dylib
0x0000000006218000 	/System/Library/PrivateFrameworks/AppleSRP.framework/Versions/A/AppleSRP
0x0000000006218000 	/System/Library/PrivateFrameworks/TrustEvaluationAgent.framework/Versions/A/TrustEvaluationAgent
0x000000013e43b000 	cl_kernels
0x0000000006218000 	/System/Library/Frameworks/OpenCL.framework/Versions/A/Libraries/ImageFormats/unorm8_bgra.dylib
0x0000000006218000 	/System/Library/Frameworks/OpenCL.framework/Versions/A/Libraries/ImageFormats/unorm8_rgba.dylib
0x0000000006218000 	/System/Library/PrivateFrameworks/FamilyControls.framework/Versions/A/FamilyControls
0x0000000006218000 	/System/Library/PrivateFrameworks/CommerceKit.framework/Versions/A/Frameworks/CommerceCore.framework/Versions/A/CommerceCore
0x0000000006218000 	/System/Library/PrivateFrameworks/SystemAdministration.framework/Versions/A/SystemAdministration
0x0000000006218000 	/System/Library/PrivateFrameworks/AppContainer.framework/Versions/A/AppContainer
0x0000000006218000 	/System/Library/PrivateFrameworks/SecCodeWrapper.framework/Versions/A/SecCodeWrapper
0x0000000006218000 	/System/Library/Frameworks/DirectoryService.framework/Versions/A/DirectoryService
0x0000000006218000 	/System/Library/PrivateFrameworks/LoginUIKit.framework/Versions/A/Frameworks/LoginUICore.framework/Versions/A/LoginUICore
0x0000000006218000 	/usr/lib/libodfde.dylib
0x000000013f531000 	/Library/Java/JavaVirtualMachines/jdk1.8.0_25.jdk/Contents/Home/jre/lib/libfontmanager.dylib
0x000000013d823000 	/Library/Java/JavaVirtualMachines/jdk1.8.0_25.jdk/Contents/Home/jre/lib/libosxui.dylib
0x0000000006218000 	/System/Library/Frameworks/OpenGL.framework/Versions/A/Resources/GLEngine.bundle/GLEngine
0x0000000006218000 	/System/Library/Frameworks/OpenGL.framework/Versions/A/Libraries/libGLProgrammability.dylib
0x00000001401ad000 	/System/Library/Extensions/AppleIntelHD5000GraphicsGLDriver.bundle/Contents/MacOS/AppleIntelHD5000GraphicsGLDriver
0x0000000006218000 	/System/Library/PrivateFrameworks/GPUSupport.framework/Versions/A/Libraries/libGPUSupportMercury.dylib
0x0000000006218000 	/System/Library/Extensions/GeForceGLDriver.bundle/Contents/MacOS/GeForceGLDriver
0x0000000006218000 	/System/Library/Extensions/GeForceGLDriver.bundle/Contents/MacOS/libclh.dylib
0x0000000006218000 	/System/Library/Frameworks/OpenGL.framework/Versions/A/Resources/GLRendererFloat.bundle/GLRendererFloat
0x00000001416e6000 	/Library/Java/JavaVirtualMachines/jdk1.8.0_25.jdk/Contents/Home/jre/lib/libnet.dylib
0x0000000141547000 	/Library/Java/JavaVirtualMachines/jdk1.8.0_25.jdk/Contents/Home/jre/lib/libnio.dylib
0x00000001483c2000 	/System/Library/Extensions/GeForceMTLDriver.bundle/Contents/MacOS/GeForceMTLDriver
0x0000000148506000 	/System/Library/Extensions/AppleIntelHD5000GraphicsMTLDriver.bundle/Contents/MacOS/AppleIntelHD5000GraphicsMTLDriver
0x0000000006218000 	/System/Library/PrivateFrameworks/CloudDocs.framework/Versions/A/CloudDocs
0x0000000006218000 	/System/Library/PrivateFrameworks/CoreDuet.framework/Versions/A/CoreDuet
0x0000000006218000 	/System/Library/Frameworks/CloudKit.framework/Versions/A/CloudKit
0x0000000006218000 	/System/Library/PrivateFrameworks/ProtocolBuffer.framework/Versions/A/ProtocolBuffer
0x0000000006218000 	/System/Library/PrivateFrameworks/CoreDuetDaemonProtocol.framework/Versions/A/CoreDuetDaemonProtocol
0x0000000006218000 	/System/Library/PrivateFrameworks/CoreDuetDebugLogging.framework/Versions/A/CoreDuetDebugLogging
0x0000000006218000 	/System/Library/PrivateFrameworks/MMCS.framework/Versions/A/MMCS
0x0000000006218000 	/System/Library/Frameworks/CoreLocation.framework/Versions/A/CoreLocation
0x0000000006218000 	/System/Library/PrivateFrameworks/AssetCacheServices.framework/Versions/A/AssetCacheServices
0x0000000006218000 	/System/Library/PrivateFrameworks/GeoServices.framework/Versions/A/GeoServices
0x0000000006218000 	/System/Library/Frameworks/ApplicationServices.framework/Versions/A/Frameworks/ATS.framework/Versions/A/Resources/libTrueTypeScaler.dylib
0x0000000152bc4000 	/Library/Java/JavaVirtualMachines/jdk1.8.0_25.jdk/Contents/Home/jre/lib/libdcpr.dylib
0x000000013e0c0000 	/Library/Java/JavaVirtualMachines/jdk1.8.0_25.jdk/Contents/Home/jre/lib/libjsound.dylib
0x000000013e138000 	/System/Library/Frameworks/CoreMIDI.framework/Versions/A/CoreMIDI
0x000000013e198000 	/usr/lib/libexpat.1.dylib
0x000000013dfe2000 	/System/Library/Extensions/AppleHDA.kext/Contents/PlugIns/AppleHDAHALPlugIn.bundle/Contents/MacOS/AppleHDAHALPlugIn
0x0000000150033000 	/System/Library/Components/CoreAudio.component/Contents/MacOS/CoreAudio

VM Arguments:
jvm_args: -Xmx12000m -Dfile.encoding=UTF-8 
java_command: lusc.net.github.Luscinia
java_class_path (initial): /Users/Rob/Documents/workspace/Luscinia/Luscinia/target/classes:/Users/Rob/Documents/workspace/colt.jar:/Users/Rob/Documents/workspace/hsqldb.jar:/Users/Rob/Documents/workspace/mysql-connector-java-3.0.15-ga-bin.jar:/Users/Rob/Documents/Programming Projects/git/LusciniaRepository/Luscinia/ejml-0.20.jar:/Users/Rob/Documents/Programming Projects/git/LusciniaRepository/Luscinia/mdsj.jar:/Users/Rob/Documents/workspace/h2-1.3.176.jar:/Users/Rob/Documents/workspace/poi-3.14-20160307.jar:/Users/Rob/Documents/workspace/poi-ooxml-3.14-20160307.jar:/Users/Rob/Documents/workspace/xmlbeans-2.6.0.jar:/Users/Rob/Documents/workspace/poi-ooxml-schemas-3.14-20160307.jar:/Users/Rob/Documents/workspace/ejml-0.20.jar:/Users/Rob/.m2/repository/com/h2database/h2/1.4.190/h2-1.4.190.jar:/Users/Rob/.m2/repository/org/apache/poi/poi/3.13/poi-3.13.jar:/Users/Rob/.m2/repository/commons-codec/commons-codec/1.9/commons-codec-1.9.jar:/Users/Rob/.m2/repository/colt/colt/1.2.0/colt-1.2.0.jar:/Users/Rob/.m2/repository/concurrent/concurrent/1.3.4/concurrent-1.3.4.jar:/Users/Rob/.m2/repository/com/googlecode/soundlibs/tritonus-share/0.3.7-2/tritonus-share-0.3.7-2.jar:/Users/Rob/Documents/workspace/mdsj.jar:/Users/Rob/.m2/repository/com/googlecode/matrix-toolkits-java/mtj/1.0.2/mtj-1.0.2.jar:/Users/Rob/.m2/repository/net/sourceforge/f2j/arpack_combined_all/0.1/arpack_combined_all-0.1.jar:/Users/Rob/.m2/repository/com/github/fommil/netlib/core/1.1.2/core-1.1.2.jar:/Users/Rob/.m2/repository/com/github/fommil/netlib/netlib-native_ref-osx-x86_64/1.1/netlib-native_ref-osx-x86_64-1.1-natives.jar:/Users/Rob/.m2/repository/com/github/fommil/netlib/native_ref-java/1.1/native_ref-java-1.1.jar:/Users/Rob/.m2/repository/com/github/fommil/jniloader/1.1/jniloader-1.1.jar:/Users/Rob/.m2/repository/com/github/fommil/netlib/netlib-native_ref-linux-x86_64/1.1/netlib-native_ref-linux-x86_64-1.1-natives.jar:/Users/Rob/.m2/repository/com/github/fommil/netlib/netlib-native_ref-linux-i686/1.1/net
Launcher Type: SUN_STANDARD

Environment Variables:
PATH=/usr/bin:/bin:/usr/sbin:/sbin
SHELL=/bin/bash
DISPLAY=/private/tmp/com.apple.launchd.axR6c3UdbC/org.macosforge.xquartz:0

Signal Handlers:
SIGSEGV: [libjvm.dylib+0x579dc7], sa_mask[0]=11111111011111110111111111111111, sa_flags=SA_ONSTACK|SA_RESTART|SA_SIGINFO
SIGBUS: [libjvm.dylib+0x579dc7], sa_mask[0]=11111111011111110111111111111111, sa_flags=SA_RESTART|SA_SIGINFO
SIGFPE: [libjvm.dylib+0x45b030], sa_mask[0]=11111111011111110111111111111111, sa_flags=SA_RESTART|SA_SIGINFO
SIGPIPE: [libjvm.dylib+0x45b030], sa_mask[0]=11111111011111110111111111111111, sa_flags=SA_RESTART|SA_SIGINFO
SIGXFSZ: [libjvm.dylib+0x45b030], sa_mask[0]=11111111011111110111111111111111, sa_flags=SA_RESTART|SA_SIGINFO
SIGILL: [libjvm.dylib+0x45b030], sa_mask[0]=11111111011111110111111111111111, sa_flags=SA_RESTART|SA_SIGINFO
SIGUSR1: SIG_DFL, sa_mask[0]=00000000000000000000000000000000, sa_flags=none
SIGUSR2: [libjvm.dylib+0x45ab4e], sa_mask[0]=00100000000000000000000000000000, sa_flags=SA_RESTART|SA_SIGINFO
SIGHUP: [libjvm.dylib+0x459121], sa_mask[0]=11111111011111110111111111111111, sa_flags=SA_RESTART|SA_SIGINFO
SIGINT: [libjvm.dylib+0x459121], sa_mask[0]=11111111011111110111111111111111, sa_flags=SA_RESTART|SA_SIGINFO
SIGTERM: [libjvm.dylib+0x459121], sa_mask[0]=11111111011111110111111111111111, sa_flags=SA_RESTART|SA_SIGINFO
SIGQUIT: [libjvm.dylib+0x459121], sa_mask[0]=11111111011111110111111111111111, sa_flags=SA_RESTART|SA_SIGINFO


---------------  S Y S T E M  ---------------

OS:Bsduname:Darwin 15.6.0 Darwin Kernel Version 15.6.0: Mon Aug 29 20:21:34 PDT 2016; root:xnu-3248.60.11~1/RELEASE_X86_64 x86_64
rlimit: STACK 8192k, CORE 0k, NPROC 709, NOFILE 10240, AS infinity
load average:3.87 2.87 2.59

CPU:total 8 (4 cores per cpu, 2 threads per core) family 6 model 70 stepping 1, cmov, cx8, fxsr, mmx, sse, sse2, sse3, ssse3, sse4.1, sse4.2, popcnt, avx, avx2, aes, clmul, erms, rtm, lzcnt, ht, tsc, tscinvbit, bmi1, bmi2

Memory: 4k page, physical 16777216k(213824k free)

/proc/meminfo:


vm_info: Java HotSpot(TM) 64-Bit Server VM (25.25-b02) for bsd-amd64 JRE (1.8.0_25-b17), built on Sep 17 2014 16:56:50 by "java_re" with gcc 4.2.1 (Based on Apple Inc. build 5658) (LLVM build 2336.11.00)

time: Thu Oct 20 16:04:31 2016
elapsed time: 34761 seconds (0d 9h 39m 21s)

